# JRE version: OpenJDK Runtime Environment (8.0_112-b06) (build 1.8.0_112-release-b06)
# Java VM: OpenJDK 64-Bit Server VM (25.112-b06 mixed mode linux-amd64 compressed oops)
Heap:
 PSYoungGen      total 382464K, used 12045K [0x00000000e0000000, 0x00000000fe900000, 0x0000000100000000)
  eden space 297984K, 0% used [0x00000000e0000000,0x00000000e0000000,0x00000000f2300000)
  from space 84480K, 14% used [0x00000000f2300000,0x00000000f2ec3540,0x00000000f7580000)
  to   space 81920K, 0% used [0x00000000f9900000,0x00000000f9900000,0x00000000fe900000)
 ParOldGen       total 276992K, used 276563K [0x00000000a0000000, 0x00000000b0e80000, 0x00000000e0000000)
  object space 276992K, 99% used [0x00000000a0000000,0x00000000b0e14f18,0x00000000b0e80000)
 Metaspace       used 76148K, capacity 78476K, committed 78720K, reserved 1118208K
  class space    used 9259K, capacity 9748K, committed 9856K, reserved 1048576K
GC Heap History (10 events):
Event: 84.034 GC heap after
Heap after GC invocations=41 (full 5):
 PSYoungGen      total 356352K, used 24545K [0x00000000e0000000, 0x00000000fa180000, 0x0000000100000000)
  eden space 283648K, 0% used [0x00000000e0000000,0x00000000e0000000,0x00000000f1500000)
  from space 72704K, 33% used [0x00000000f5a80000,0x00000000f72787e8,0x00000000fa180000)
  to   space 71168K, 0% used [0x00000000f1500000,0x00000000f1500000,0x00000000f5a80000)
 ParOldGen       total 178688K, used 151234K [0x00000000a0000000, 0x00000000aae80000, 0x00000000e0000000)
  object space 178688K, 84% used [0x00000000a0000000,0x00000000a93b08a0,0x00000000aae80000)
 Metaspace       used 76121K, capacity 78412K, committed 78720K, reserved 1118208K
  class space    used 9259K, capacity 9748K, committed 9856K, reserved 1048576K
}
Event: 84.034 GC heap before
{Heap before GC invocations=42 (full 6):
 PSYoungGen      total 356352K, used 24545K [0x00000000e0000000, 0x00000000fa180000, 0x0000000100000000)
  eden space 283648K, 0% used [0x00000000e0000000,0x00000000e0000000,0x00000000f1500000)
  from space 72704K, 33% used [0x00000000f5a80000,0x00000000f72787e8,0x00000000fa180000)
  to   space 71168K, 0% used [0x00000000f1500000,0x00000000f1500000,0x00000000f5a80000)
 ParOldGen       total 178688K, used 151234K [0x00000000a0000000, 0x00000000aae80000, 0x00000000e0000000)
  object space 178688K, 84% used [0x00000000a0000000,0x00000000a93b08a0,0x00000000aae80000)
 Metaspace       used 76121K, capacity 78412K, committed 78720K, reserved 1118208K
  class space    used 9259K, capacity 9748K, committed 9856K, reserved 1048576K
Event: 84.837 GC heap after
Heap after GC invocations=42 (full 6):
 PSYoungGen      total 356352K, used 0K [0x00000000e0000000, 0x00000000fa180000, 0x0000000100000000)
  eden space 283648K, 0% used [0x00000000e0000000,0x00000000e0000000,0x00000000f1500000)
  from space 72704K, 0% used [0x00000000f5a80000,0x00000000f5a80000,0x00000000fa180000)
  to   space 71168K, 0% used [0x00000000f1500000,0x00000000f1500000,0x00000000f5a80000)
 ParOldGen       total 276992K, used 170854K [0x00000000a0000000, 0x00000000b0e80000, 0x00000000e0000000)
  object space 276992K, 61% used [0x00000000a0000000,0x00000000aa6d9ae0,0x00000000b0e80000)
 Metaspace       used 76121K, capacity 78412K, committed 78720K, reserved 1118208K
  class space    used 9259K, capacity 9748K, committed 9856K, reserved 1048576K
}
Event: 85.687 GC heap before
{Heap before GC invocations=43 (full 6):
 PSYoungGen      total 356352K, used 283648K [0x00000000e0000000, 0x00000000fa180000, 0x0000000100000000)
  eden space 283648K, 100% used [0x00000000e0000000,0x00000000f1500000,0x00000000f1500000)
  from space 72704K, 0% used [0x00000000f5a80000,0x00000000f5a80000,0x00000000fa180000)
  to   space 71168K, 0% used [0x00000000f1500000,0x00000000f1500000,0x00000000f5a80000)
 ParOldGen       total 276992K, used 170854K [0x00000000a0000000, 0x00000000b0e80000, 0x00000000e0000000)
  object space 276992K, 61% used [0x00000000a0000000,0x00000000aa6d9ae0,0x00000000b0e80000)
 Metaspace       used 76130K, capacity 78476K, committed 78720K, reserved 1118208K
  class space    used 9259K, capacity 9748K, committed 9856K, reserved 1048576K
Event: 85.736 GC heap after
Heap after GC invocations=43 (full 6):
 PSYoungGen      total 354816K, used 40086K [0x00000000e0000000, 0x00000000fba80000, 0x0000000100000000)
  eden space 283648K, 0% used [0x00000000e0000000,0x00000000e0000000,0x00000000f1500000)
  from space 71168K, 56% used [0x00000000f1500000,0x00000000f3c25a18,0x00000000f5a80000)
  to   space 70656K, 0% used [0x00000000f7580000,0x00000000f7580000,0x00000000fba80000)
 ParOldGen       total 276992K, used 170862K [0x00000000a0000000, 0x00000000b0e80000, 0x00000000e0000000)
  object space 276992K, 61% used [0x00000000a0000000,0x00000000aa6dbae0,0x00000000b0e80000)
 Metaspace       used 76130K, capacity 78476K, committed 78720K, reserved 1118208K
  class space    used 9259K, capacity 9748K, committed 9856K, reserved 1048576K
}
Event: 86.623 GC heap before
{Heap before GC invocations=44 (full 6):
 PSYoungGen      total 354816K, used 323734K [0x00000000e0000000, 0x00000000fba80000, 0x0000000100000000)
  eden space 283648K, 100% used [0x00000000e0000000,0x00000000f1500000,0x00000000f1500000)
  from space 71168K, 56% used [0x00000000f1500000,0x00000000f3c25a18,0x00000000f5a80000)
  to   space 70656K, 0% used [0x00000000f7580000,0x00000000f7580000,0x00000000fba80000)
 ParOldGen       total 276992K, used 170862K [0x00000000a0000000, 0x00000000b0e80000, 0x00000000e0000000)
  object space 276992K, 61% used [0x00000000a0000000,0x00000000aa6dbae0,0x00000000b0e80000)
 Metaspace       used 76143K, capacity 78476K, committed 78720K, reserved 1118208K
  class space    used 9259K, capacity 9748K, committed 9856K, reserved 1048576K
Event: 86.738 GC heap after
Heap after GC invocations=44 (full 6):
 PSYoungGen      total 368640K, used 70637K [0x00000000e0000000, 0x00000000fd980000, 0x0000000100000000)
  eden space 297984K, 0% used [0x00000000e0000000,0x00000000e0000000,0x00000000f2300000)
  from space 70656K, 99% used [0x00000000f7580000,0x00000000fba7b678,0x00000000fba80000)
  to   space 84480K, 0% used [0x00000000f2300000,0x00000000f2300000,0x00000000f7580000)
 ParOldGen       total 276992K, used 180929K [0x00000000a0000000, 0x00000000b0e80000, 0x00000000e0000000)
  object space 276992K, 65% used [0x00000000a0000000,0x00000000ab0b06f0,0x00000000b0e80000)
 Metaspace       used 76143K, capacity 78476K, committed 78720K, reserved 1118208K
  class space    used 9259K, capacity 9748K, committed 9856K, reserved 1048576K
}
Event: 87.584 GC heap before
{Heap before GC invocations=45 (full 6):
 PSYoungGen      total 368640K, used 368621K [0x00000000e0000000, 0x00000000fd980000, 0x0000000100000000)
  eden space 297984K, 100% used [0x00000000e0000000,0x00000000f2300000,0x00000000f2300000)
  from space 70656K, 99% used [0x00000000f7580000,0x00000000fba7b678,0x00000000fba80000)
  to   space 84480K, 0% used [0x00000000f2300000,0x00000000f2300000,0x00000000f7580000)
 ParOldGen       total 276992K, used 180929K [0x00000000a0000000, 0x00000000b0e80000, 0x00000000e0000000)
  object space 276992K, 65% used [0x00000000a0000000,0x00000000ab0b06f0,0x00000000b0e80000)
 Metaspace       used 76148K, capacity 78476K, committed 78720K, reserved 1118208K
  class space    used 9259K, capacity 9748K, committed 9856K, reserved 1048576K
Event: 87.744 GC heap after
Heap after GC invocations=45 (full 6):
 PSYoungGen      total 382464K, used 42958K [0x00000000e0000000, 0x00000000fe900000, 0x0000000100000000)
  eden space 297984K, 0% used [0x00000000e0000000,0x00000000e0000000,0x00000000f2300000)
  from space 84480K, 50% used [0x00000000f2300000,0x00000000f4cf3bd8,0x00000000f7580000)
  to   space 81920K, 0% used [0x00000000f9900000,0x00000000f9900000,0x00000000fe900000)
 ParOldGen       total 276992K, used 251740K [0x00000000a0000000, 0x00000000b0e80000, 0x00000000e0000000)
  object space 276992K, 90% used [0x00000000a0000000,0x00000000af5d7340,0x00000000b0e80000)
 Metaspace       used 76148K, capacity 78476K, committed 78720K, reserved 1118208K
  class space    used 9259K, capacity 9748K, committed 9856K, reserved 1048576K
}
Event: 87.745 GC heap before
{Heap before GC invocations=46 (full 7):
 PSYoungGen      total 382464K, used 42958K [0x00000000e0000000, 0x00000000fe900000, 0x0000000100000000)
  eden space 297984K, 0% used [0x00000000e0000000,0x00000000e0000000,0x00000000f2300000)
  from space 84480K, 50% used [0x00000000f2300000,0x00000000f4cf3bd8,0x00000000f7580000)
  to   space 81920K, 0% used [0x00000000f9900000,0x00000000f9900000,0x00000000fe900000)
 ParOldGen       total 276992K, used 251740K [0x00000000a0000000, 0x00000000b0e80000, 0x00000000e0000000)
  object space 276992K, 90% used [0x00000000a0000000,0x00000000af5d7340,0x00000000b0e80000)
 Metaspace       used 76148K, capacity 78476K, committed 78720K, reserved 1118208K
  class space    used 9259K, capacity 9748K, committed 9856K, reserved 1048576K

