# JRE version: OpenJDK Runtime Environment (8.0_112-b06) (build 1.8.0_112-release-b06)
# Java VM: OpenJDK 64-Bit Server VM (25.112-b06 mixed mode linux-amd64 compressed oops)
Heap:
 PSYoungGen      total 352768K, used 72648K [0x00000000e0000000, 0x0000000100000000, 0x0000000100000000)
  eden space 182272K, 0% used [0x00000000e0000000,0x00000000e0000000,0x00000000eb200000)
  from space 170496K, 42% used [0x00000000f5980000,0x00000000fa072330,0x0000000100000000)
  to   space 171008K, 0% used [0x00000000eb200000,0x00000000eb200000,0x00000000f5900000)
 ParOldGen       total 297472K, used 297376K [0x00000000a0000000, 0x00000000b2280000, 0x00000000e0000000)
  object space 297472K, 99% used [0x00000000a0000000,0x00000000b22680d8,0x00000000b2280000)
 Metaspace       used 90961K, capacity 97286K, committed 98520K, reserved 1134592K
  class space    used 11154K, capacity 12194K, committed 12504K, reserved 1048576K
GC Heap History (10 events):
Event: 2193.976 GC heap after
Heap after GC invocations=39 (full 5):
 PSYoungGen      total 383488K, used 61447K [0x00000000e0000000, 0x00000000ff500000, 0x0000000100000000)
  eden space 268288K, 0% used [0x00000000e0000000,0x00000000e0000000,0x00000000f0600000)
  from space 115200K, 53% used [0x00000000f8480000,0x00000000fc081d20,0x00000000ff500000)
  to   space 122368K, 0% used [0x00000000f0600000,0x00000000f0600000,0x00000000f7d80000)
 ParOldGen       total 297472K, used 178029K [0x00000000a0000000, 0x00000000b2280000, 0x00000000e0000000)
  object space 297472K, 59% used [0x00000000a0000000,0x00000000aaddb478,0x00000000b2280000)
 Metaspace       used 90943K, capacity 97286K, committed 98520K, reserved 1134592K
  class space    used 11154K, capacity 12194K, committed 12504K, reserved 1048576K
}
Event: 2194.862 GC heap before
{Heap before GC invocations=40 (full 5):
 PSYoungGen      total 383488K, used 329735K [0x00000000e0000000, 0x00000000ff500000, 0x0000000100000000)
  eden space 268288K, 100% used [0x00000000e0000000,0x00000000f0600000,0x00000000f0600000)
  from space 115200K, 53% used [0x00000000f8480000,0x00000000fc081d20,0x00000000ff500000)
  to   space 122368K, 0% used [0x00000000f0600000,0x00000000f0600000,0x00000000f7d80000)
 ParOldGen       total 297472K, used 178029K [0x00000000a0000000, 0x00000000b2280000, 0x00000000e0000000)
  object space 297472K, 59% used [0x00000000a0000000,0x00000000aaddb478,0x00000000b2280000)
 Metaspace       used 90946K, capacity 97286K, committed 98520K, reserved 1134592K
  class space    used 11154K, capacity 12194K, committed 12504K, reserved 1048576K
Event: 2194.956 GC heap after
Heap after GC invocations=40 (full 5):
 PSYoungGen      total 390656K, used 98839K [0x00000000e0000000, 0x0000000100000000, 0x0000000100000000)
  eden space 268288K, 0% used [0x00000000e0000000,0x00000000e0000000,0x00000000f0600000)
  from space 122368K, 80% used [0x00000000f0600000,0x00000000f6685ea8,0x00000000f7d80000)
  to   space 132096K, 0% used [0x00000000f7f00000,0x00000000f7f00000,0x0000000100000000)
 ParOldGen       total 297472K, used 178029K [0x00000000a0000000, 0x00000000b2280000, 0x00000000e0000000)
  object space 297472K, 59% used [0x00000000a0000000,0x00000000aaddb478,0x00000000b2280000)
 Metaspace       used 90946K, capacity 97286K, committed 98520K, reserved 1134592K
  class space    used 11154K, capacity 12194K, committed 12504K, reserved 1048576K
}
Event: 2195.739 GC heap before
{Heap before GC invocations=41 (full 5):
 PSYoungGen      total 390656K, used 367127K [0x00000000e0000000, 0x0000000100000000, 0x0000000100000000)
  eden space 268288K, 100% used [0x00000000e0000000,0x00000000f0600000,0x00000000f0600000)
  from space 122368K, 80% used [0x00000000f0600000,0x00000000f6685ea8,0x00000000f7d80000)
  to   space 132096K, 0% used [0x00000000f7f00000,0x00000000f7f00000,0x0000000100000000)
 ParOldGen       total 297472K, used 178029K [0x00000000a0000000, 0x00000000b2280000, 0x00000000e0000000)
  object space 297472K, 59% used [0x00000000a0000000,0x00000000aaddb478,0x00000000b2280000)
 Metaspace       used 90956K, capacity 97286K, committed 98520K, reserved 1134592K
  class space    used 11154K, capacity 12194K, committed 12504K, reserved 1048576K
Event: 2195.879 GC heap after
Heap after GC invocations=41 (full 5):
 PSYoungGen      total 348160K, used 132088K [0x00000000e0000000, 0x0000000100000000, 0x0000000100000000)
  eden space 216064K, 0% used [0x00000000e0000000,0x00000000e0000000,0x00000000ed300000)
  from space 132096K, 99% used [0x00000000f7f00000,0x00000000ffffe378,0x0000000100000000)
  to   space 154112K, 0% used [0x00000000ed300000,0x00000000ed300000,0x00000000f6980000)
 ParOldGen       total 297472K, used 182367K [0x00000000a0000000, 0x00000000b2280000, 0x00000000e0000000)
  object space 297472K, 61% used [0x00000000a0000000,0x00000000ab217d40,0x00000000b2280000)
 Metaspace       used 90956K, capacity 97286K, committed 98520K, reserved 1134592K
  class space    used 11154K, capacity 12194K, committed 12504K, reserved 1048576K
}
Event: 2196.483 GC heap before
{Heap before GC invocations=42 (full 5):
 PSYoungGen      total 348160K, used 348152K [0x00000000e0000000, 0x0000000100000000, 0x0000000100000000)
  eden space 216064K, 100% used [0x00000000e0000000,0x00000000ed300000,0x00000000ed300000)
  from space 132096K, 99% used [0x00000000f7f00000,0x00000000ffffe378,0x0000000100000000)
  to   space 154112K, 0% used [0x00000000ed300000,0x00000000ed300000,0x00000000f6980000)
 ParOldGen       total 297472K, used 182367K [0x00000000a0000000, 0x00000000b2280000, 0x00000000e0000000)
  object space 297472K, 61% used [0x00000000a0000000,0x00000000ab217d40,0x00000000b2280000)
 Metaspace       used 90959K, capacity 97286K, committed 98520K, reserved 1134592K
  class space    used 11154K, capacity 12194K, committed 12504K, reserved 1048576K
Event: 2196.633 GC heap after
Heap after GC invocations=42 (full 5):
 PSYoungGen      total 351232K, used 134792K [0x00000000e0000000, 0x0000000100000000, 0x0000000100000000)
  eden space 216064K, 0% used [0x00000000e0000000,0x00000000e0000000,0x00000000ed300000)
  from space 135168K, 99% used [0x00000000ed300000,0x00000000f56a21a0,0x00000000f5700000)
  to   space 170496K, 0% used [0x00000000f5980000,0x00000000f5980000,0x0000000100000000)
 ParOldGen       total 297472K, used 210620K [0x00000000a0000000, 0x00000000b2280000, 0x00000000e0000000)
  object space 297472K, 70% used [0x00000000a0000000,0x00000000acdaf2a8,0x00000000b2280000)
 Metaspace       used 90959K, capacity 97286K, committed 98520K, reserved 1134592K
  class space    used 11154K, capacity 12194K, committed 12504K, reserved 1048576K
}
Event: 2197.133 GC heap before
{Heap before GC invocations=43 (full 5):
 PSYoungGen      total 351232K, used 350856K [0x00000000e0000000, 0x0000000100000000, 0x0000000100000000)
  eden space 216064K, 100% used [0x00000000e0000000,0x00000000ed300000,0x00000000ed300000)
  from space 135168K, 99% used [0x00000000ed300000,0x00000000f56a21a0,0x00000000f5700000)
  to   space 170496K, 0% used [0x00000000f5980000,0x00000000f5980000,0x0000000100000000)
 ParOldGen       total 297472K, used 210620K [0x00000000a0000000, 0x00000000b2280000, 0x00000000e0000000)
  object space 297472K, 70% used [0x00000000a0000000,0x00000000acdaf2a8,0x00000000b2280000)
 Metaspace       used 90961K, capacity 97286K, committed 98520K, reserved 1134592K
  class space    used 11154K, capacity 12194K, committed 12504K, reserved 1048576K
Event: 2197.313 GC heap after
Heap after GC invocations=43 (full 5):
 PSYoungGen      total 352768K, used 99547K [0x00000000e0000000, 0x0000000100000000, 0x0000000100000000)
  eden space 182272K, 0% used [0x00000000e0000000,0x00000000e0000000,0x00000000eb200000)
  from space 170496K, 58% used [0x00000000f5980000,0x00000000fbab6d50,0x0000000100000000)
  to   space 171008K, 0% used [0x00000000eb200000,0x00000000eb200000,0x00000000f5900000)
 ParOldGen       total 297472K, used 277418K [0x00000000a0000000, 0x00000000b2280000, 0x00000000e0000000)
  object space 297472K, 93% used [0x00000000a0000000,0x00000000b0eeab88,0x00000000b2280000)
 Metaspace       used 90961K, capacity 97286K, committed 98520K, reserved 1134592K
  class space    used 11154K, capacity 12194K, committed 12504K, reserved 1048576K
}
Event: 2197.313 GC heap before
{Heap before GC invocations=44 (full 6):
 PSYoungGen      total 352768K, used 99547K [0x00000000e0000000, 0x0000000100000000, 0x0000000100000000)
  eden space 182272K, 0% used [0x00000000e0000000,0x00000000e0000000,0x00000000eb200000)
  from space 170496K, 58% used [0x00000000f5980000,0x00000000fbab6d50,0x0000000100000000)
  to   space 171008K, 0% used [0x00000000eb200000,0x00000000eb200000,0x00000000f5900000)
 ParOldGen       total 297472K, used 277418K [0x00000000a0000000, 0x00000000b2280000, 0x00000000e0000000)
  object space 297472K, 93% used [0x00000000a0000000,0x00000000b0eeab88,0x00000000b2280000)
 Metaspace       used 90961K, capacity 97286K, committed 98520K, reserved 1134592K
  class space    used 11154K, capacity 12194K, committed 12504K, reserved 1048576K

