# JRE version: OpenJDK Runtime Environment (8.0_112-b06) (build 1.8.0_112-release-b06)
# Java VM: OpenJDK 64-Bit Server VM (25.112-b06 mixed mode linux-amd64 compressed oops)
Heap:
 PSYoungGen      total 443392K, used 0K [0x00000000e0000000, 0x00000000fff00000, 0x0000000100000000)
  eden space 364544K, 0% used [0x00000000e0000000,0x00000000e0000000,0x00000000f6400000)
  from space 78848K, 0% used [0x00000000fb200000,0x00000000fb200000,0x00000000fff00000)
  to   space 79360K, 0% used [0x00000000f6400000,0x00000000f6400000,0x00000000fb180000)
 ParOldGen       total 396800K, used 357254K [0x00000000a0000000, 0x00000000b8380000, 0x00000000e0000000)
  object space 396800K, 90% used [0x00000000a0000000,0x00000000b5ce1b08,0x00000000b8380000)
 Metaspace       used 74599K, capacity 79610K, committed 80000K, reserved 1120256K
  class space    used 9300K, capacity 9963K, committed 10112K, reserved 1048576K
GC Heap History (10 events):
Event: 8971.743 GC heap after
Heap after GC invocations=115 (full 13):
 PSYoungGen      total 431616K, used 41160K [0x00000000e0000000, 0x00000000ff800000, 0x0000000100000000)
  eden space 355328K, 0% used [0x00000000e0000000,0x00000000e0000000,0x00000000f5b00000)
  from space 76288K, 53% used [0x00000000fad80000,0x00000000fd5b2268,0x00000000ff800000)
  to   space 80384K, 0% used [0x00000000f5b00000,0x00000000f5b00000,0x00000000fa980000)
 ParOldGen       total 396800K, used 176689K [0x00000000a0000000, 0x00000000b8380000, 0x00000000e0000000)
  object space 396800K, 44% used [0x00000000a0000000,0x00000000aac8c738,0x00000000b8380000)
 Metaspace       used 74595K, capacity 79610K, committed 80000K, reserved 1120256K
  class space    used 9300K, capacity 9963K, committed 10112K, reserved 1048576K
}
Event: 8973.073 GC heap before
{Heap before GC invocations=116 (full 13):
 PSYoungGen      total 431616K, used 396488K [0x00000000e0000000, 0x00000000ff800000, 0x0000000100000000)
  eden space 355328K, 100% used [0x00000000e0000000,0x00000000f5b00000,0x00000000f5b00000)
  from space 76288K, 53% used [0x00000000fad80000,0x00000000fd5b2268,0x00000000ff800000)
  to   space 80384K, 0% used [0x00000000f5b00000,0x00000000f5b00000,0x00000000fa980000)
 ParOldGen       total 396800K, used 176689K [0x00000000a0000000, 0x00000000b8380000, 0x00000000e0000000)
  object space 396800K, 44% used [0x00000000a0000000,0x00000000aac8c738,0x00000000b8380000)
 Metaspace       used 74595K, capacity 79610K, committed 80000K, reserved 1120256K
  class space    used 9300K, capacity 9963K, committed 10112K, reserved 1048576K
Event: 8973.178 GC heap after
Heap after GC invocations=116 (full 13):
 PSYoungGen      total 435712K, used 49350K [0x00000000e0000000, 0x0000000100000000, 0x0000000100000000)
  eden space 355328K, 0% used [0x00000000e0000000,0x00000000e0000000,0x00000000f5b00000)
  from space 80384K, 61% used [0x00000000f5b00000,0x00000000f8b31b98,0x00000000fa980000)
  to   space 79360K, 0% used [0x00000000fb280000,0x00000000fb280000,0x0000000100000000)
 ParOldGen       total 396800K, used 215180K [0x00000000a0000000, 0x00000000b8380000, 0x00000000e0000000)
  object space 396800K, 54% used [0x00000000a0000000,0x00000000ad2233c8,0x00000000b8380000)
 Metaspace       used 74595K, capacity 79610K, committed 80000K, reserved 1120256K
  class space    used 9300K, capacity 9963K, committed 10112K, reserved 1048576K
}
Event: 8974.397 GC heap before
{Heap before GC invocations=117 (full 13):
 PSYoungGen      total 435712K, used 404678K [0x00000000e0000000, 0x0000000100000000, 0x0000000100000000)
  eden space 355328K, 100% used [0x00000000e0000000,0x00000000f5b00000,0x00000000f5b00000)
  from space 80384K, 61% used [0x00000000f5b00000,0x00000000f8b31b98,0x00000000fa980000)
  to   space 79360K, 0% used [0x00000000fb280000,0x00000000fb280000,0x0000000100000000)
 ParOldGen       total 396800K, used 215180K [0x00000000a0000000, 0x00000000b8380000, 0x00000000e0000000)
  object space 396800K, 54% used [0x00000000a0000000,0x00000000ad2233c8,0x00000000b8380000)
 Metaspace       used 74595K, capacity 79610K, committed 80000K, reserved 1120256K
  class space    used 9300K, capacity 9963K, committed 10112K, reserved 1048576K
Event: 8974.496 GC heap after
Heap after GC invocations=117 (full 13):
 PSYoungGen      total 443904K, used 54112K [0x00000000e0000000, 0x0000000100000000, 0x0000000100000000)
  eden space 364544K, 0% used [0x00000000e0000000,0x00000000e0000000,0x00000000f6400000)
  from space 79360K, 68% used [0x00000000fb280000,0x00000000fe758008,0x0000000100000000)
  to   space 79872K, 0% used [0x00000000f6400000,0x00000000f6400000,0x00000000fb200000)
 ParOldGen       total 396800K, used 262652K [0x00000000a0000000, 0x00000000b8380000, 0x00000000e0000000)
  object space 396800K, 66% used [0x00000000a0000000,0x00000000b007f3e8,0x00000000b8380000)
 Metaspace       used 74595K, capacity 79610K, committed 80000K, reserved 1120256K
  class space    used 9300K, capacity 9963K, committed 10112K, reserved 1048576K
}
Event: 8975.474 GC heap before
{Heap before GC invocations=118 (full 13):
 PSYoungGen      total 443904K, used 418656K [0x00000000e0000000, 0x0000000100000000, 0x0000000100000000)
  eden space 364544K, 100% used [0x00000000e0000000,0x00000000f6400000,0x00000000f6400000)
  from space 79360K, 68% used [0x00000000fb280000,0x00000000fe758008,0x0000000100000000)
  to   space 79872K, 0% used [0x00000000f6400000,0x00000000f6400000,0x00000000fb200000)
 ParOldGen       total 396800K, used 262652K [0x00000000a0000000, 0x00000000b8380000, 0x00000000e0000000)
  object space 396800K, 66% used [0x00000000a0000000,0x00000000b007f3e8,0x00000000b8380000)
 Metaspace       used 74595K, capacity 79610K, committed 80000K, reserved 1120256K
  class space    used 9300K, capacity 9963K, committed 10112K, reserved 1048576K
Event: 8975.574 GC heap after
Heap after GC invocations=118 (full 13):
 PSYoungGen      total 444416K, used 53910K [0x00000000e0000000, 0x0000000100000000, 0x0000000100000000)
  eden space 364544K, 0% used [0x00000000e0000000,0x00000000e0000000,0x00000000f6400000)
  from space 79872K, 67% used [0x00000000f6400000,0x00000000f98a5a28,0x00000000fb200000)
  to   space 79872K, 0% used [0x00000000fb200000,0x00000000fb200000,0x0000000100000000)
 ParOldGen       total 396800K, used 314235K [0x00000000a0000000, 0x00000000b8380000, 0x00000000e0000000)
  object space 396800K, 79% used [0x00000000a0000000,0x00000000b32dee10,0x00000000b8380000)
 Metaspace       used 74595K, capacity 79610K, committed 80000K, reserved 1120256K
  class space    used 9300K, capacity 9963K, committed 10112K, reserved 1048576K
}
Event: 8976.152 GC heap before
{Heap before GC invocations=119 (full 13):
 PSYoungGen      total 444416K, used 418454K [0x00000000e0000000, 0x0000000100000000, 0x0000000100000000)
  eden space 364544K, 100% used [0x00000000e0000000,0x00000000f6400000,0x00000000f6400000)
  from space 79872K, 67% used [0x00000000f6400000,0x00000000f98a5a28,0x00000000fb200000)
  to   space 79872K, 0% used [0x00000000fb200000,0x00000000fb200000,0x0000000100000000)
 ParOldGen       total 396800K, used 314235K [0x00000000a0000000, 0x00000000b8380000, 0x00000000e0000000)
  object space 396800K, 79% used [0x00000000a0000000,0x00000000b32dee10,0x00000000b8380000)
 Metaspace       used 74599K, capacity 79610K, committed 80000K, reserved 1120256K
  class space    used 9300K, capacity 9963K, committed 10112K, reserved 1048576K
Event: 8976.247 GC heap after
Heap after GC invocations=119 (full 13):
 PSYoungGen      total 443392K, used 51866K [0x00000000e0000000, 0x00000000fff00000, 0x0000000100000000)
  eden space 364544K, 0% used [0x00000000e0000000,0x00000000e0000000,0x00000000f6400000)
  from space 78848K, 65% used [0x00000000fb200000,0x00000000fe4a6968,0x00000000fff00000)
  to   space 79360K, 0% used [0x00000000f6400000,0x00000000f6400000,0x00000000fb180000)
 ParOldGen       total 396800K, used 366206K [0x00000000a0000000, 0x00000000b8380000, 0x00000000e0000000)
  object space 396800K, 92% used [0x00000000a0000000,0x00000000b659fb38,0x00000000b8380000)
 Metaspace       used 74599K, capacity 79610K, committed 80000K, reserved 1120256K
  class space    used 9300K, capacity 9963K, committed 10112K, reserved 1048576K
}
Event: 8976.247 GC heap before
{Heap before GC invocations=120 (full 14):
 PSYoungGen      total 443392K, used 51866K [0x00000000e0000000, 0x00000000fff00000, 0x0000000100000000)
  eden space 364544K, 0% used [0x00000000e0000000,0x00000000e0000000,0x00000000f6400000)
  from space 78848K, 65% used [0x00000000fb200000,0x00000000fe4a6968,0x00000000fff00000)
  to   space 79360K, 0% used [0x00000000f6400000,0x00000000f6400000,0x00000000fb180000)
 ParOldGen       total 396800K, used 366206K [0x00000000a0000000, 0x00000000b8380000, 0x00000000e0000000)
  object space 396800K, 92% used [0x00000000a0000000,0x00000000b659fb38,0x00000000b8380000)
 Metaspace       used 74599K, capacity 79610K, committed 80000K, reserved 1120256K
  class space    used 9300K, capacity 9963K, committed 10112K, reserved 1048576K

