# JRE version: OpenJDK Runtime Environment (8.0_112-b06) (build 1.8.0_112-release-b06)
# Java VM: OpenJDK 64-Bit Server VM (25.112-b06 mixed mode linux-amd64 compressed oops)
Heap:
 PSYoungGen      total 349696K, used 0K [0x00000000e0000000, 0x0000000100000000, 0x0000000100000000)
  eden space 175104K, 0% used [0x00000000e0000000,0x00000000e0000000,0x00000000eab00000)
  from space 174592K, 0% used [0x00000000f5580000,0x00000000f5580000,0x0000000100000000)
  to   space 174592K, 0% used [0x00000000eab00000,0x00000000eab00000,0x00000000f5580000)
 ParOldGen       total 558592K, used 503442K [0x00000000a0000000, 0x00000000c2180000, 0x00000000e0000000)
  object space 558592K, 90% used [0x00000000a0000000,0x00000000beba4b68,0x00000000c2180000)
 Metaspace       used 87678K, capacity 92526K, committed 94080K, reserved 1132544K
  class space    used 10583K, capacity 11406K, committed 11904K, reserved 1048576K
GC Heap History (10 events):
Event: 2369.753 GC heap after
Heap after GC invocations=121 (full 13):
 PSYoungGen      total 349696K, used 74250K [0x00000000e0000000, 0x0000000100000000, 0x0000000100000000)
  eden space 175104K, 0% used [0x00000000e0000000,0x00000000e0000000,0x00000000eab00000)
  from space 174592K, 42% used [0x00000000f5580000,0x00000000f9e028e8,0x0000000100000000)
  to   space 174592K, 0% used [0x00000000eab00000,0x00000000eab00000,0x00000000f5580000)
 ParOldGen       total 558592K, used 330968K [0x00000000a0000000, 0x00000000c2180000, 0x00000000e0000000)
  object space 558592K, 59% used [0x00000000a0000000,0x00000000b4336088,0x00000000c2180000)
 Metaspace       used 87678K, capacity 92526K, committed 94080K, reserved 1132544K
  class space    used 10583K, capacity 11406K, committed 11904K, reserved 1048576K
}
Event: 2369.898 GC heap before
{Heap before GC invocations=122 (full 13):
 PSYoungGen      total 349696K, used 249354K [0x00000000e0000000, 0x0000000100000000, 0x0000000100000000)
  eden space 175104K, 100% used [0x00000000e0000000,0x00000000eab00000,0x00000000eab00000)
  from space 174592K, 42% used [0x00000000f5580000,0x00000000f9e028e8,0x0000000100000000)
  to   space 174592K, 0% used [0x00000000eab00000,0x00000000eab00000,0x00000000f5580000)
 ParOldGen       total 558592K, used 330968K [0x00000000a0000000, 0x00000000c2180000, 0x00000000e0000000)
  object space 558592K, 59% used [0x00000000a0000000,0x00000000b4336088,0x00000000c2180000)
 Metaspace       used 87678K, capacity 92526K, committed 94080K, reserved 1132544K
  class space    used 10583K, capacity 11406K, committed 11904K, reserved 1048576K
Event: 2369.983 GC heap after
Heap after GC invocations=122 (full 13):
 PSYoungGen      total 349696K, used 101775K [0x00000000e0000000, 0x0000000100000000, 0x0000000100000000)
  eden space 175104K, 0% used [0x00000000e0000000,0x00000000e0000000,0x00000000eab00000)
  from space 174592K, 58% used [0x00000000eab00000,0x00000000f0e63cb8,0x00000000f5580000)
  to   space 174592K, 0% used [0x00000000f5580000,0x00000000f5580000,0x0000000100000000)
 ParOldGen       total 558592K, used 330968K [0x00000000a0000000, 0x00000000c2180000, 0x00000000e0000000)
  object space 558592K, 59% used [0x00000000a0000000,0x00000000b4336088,0x00000000c2180000)
 Metaspace       used 87678K, capacity 92526K, committed 94080K, reserved 1132544K
  class space    used 10583K, capacity 11406K, committed 11904K, reserved 1048576K
}
Event: 2370.150 GC heap before
{Heap before GC invocations=123 (full 13):
 PSYoungGen      total 349696K, used 276879K [0x00000000e0000000, 0x0000000100000000, 0x0000000100000000)
  eden space 175104K, 100% used [0x00000000e0000000,0x00000000eab00000,0x00000000eab00000)
  from space 174592K, 58% used [0x00000000eab00000,0x00000000f0e63cb8,0x00000000f5580000)
  to   space 174592K, 0% used [0x00000000f5580000,0x00000000f5580000,0x0000000100000000)
 ParOldGen       total 558592K, used 330968K [0x00000000a0000000, 0x00000000c2180000, 0x00000000e0000000)
  object space 558592K, 59% used [0x00000000a0000000,0x00000000b4336088,0x00000000c2180000)
 Metaspace       used 87678K, capacity 92526K, committed 94080K, reserved 1132544K
  class space    used 10583K, capacity 11406K, committed 11904K, reserved 1048576K
Event: 2370.262 GC heap after
Heap after GC invocations=123 (full 13):
 PSYoungGen      total 349696K, used 77728K [0x00000000e0000000, 0x0000000100000000, 0x0000000100000000)
  eden space 175104K, 0% used [0x00000000e0000000,0x00000000e0000000,0x00000000eab00000)
  from space 174592K, 44% used [0x00000000f5580000,0x00000000fa168078,0x0000000100000000)
  to   space 174592K, 0% used [0x00000000eab00000,0x00000000eab00000,0x00000000f5580000)
 ParOldGen       total 558592K, used 381229K [0x00000000a0000000, 0x00000000c2180000, 0x00000000e0000000)
  object space 558592K, 68% used [0x00000000a0000000,0x00000000b744b5e0,0x00000000c2180000)
 Metaspace       used 87678K, capacity 92526K, committed 94080K, reserved 1132544K
  class space    used 10583K, capacity 11406K, committed 11904K, reserved 1048576K
}
Event: 2370.476 GC heap before
{Heap before GC invocations=124 (full 13):
 PSYoungGen      total 349696K, used 252832K [0x00000000e0000000, 0x0000000100000000, 0x0000000100000000)
  eden space 175104K, 100% used [0x00000000e0000000,0x00000000eab00000,0x00000000eab00000)
  from space 174592K, 44% used [0x00000000f5580000,0x00000000fa168078,0x0000000100000000)
  to   space 174592K, 0% used [0x00000000eab00000,0x00000000eab00000,0x00000000f5580000)
 ParOldGen       total 558592K, used 381229K [0x00000000a0000000, 0x00000000c2180000, 0x00000000e0000000)
  object space 558592K, 68% used [0x00000000a0000000,0x00000000b744b5e0,0x00000000c2180000)
 Metaspace       used 87678K, capacity 92526K, committed 94080K, reserved 1132544K
  class space    used 10583K, capacity 11406K, committed 11904K, reserved 1048576K
Event: 2370.573 GC heap after
Heap after GC invocations=124 (full 13):
 PSYoungGen      total 349696K, used 55994K [0x00000000e0000000, 0x0000000100000000, 0x0000000100000000)
  eden space 175104K, 0% used [0x00000000e0000000,0x00000000e0000000,0x00000000eab00000)
  from space 174592K, 32% used [0x00000000eab00000,0x00000000ee1ae9c0,0x00000000f5580000)
  to   space 174592K, 0% used [0x00000000f5580000,0x00000000f5580000,0x0000000100000000)
 ParOldGen       total 558592K, used 431364K [0x00000000a0000000, 0x00000000c2180000, 0x00000000e0000000)
  object space 558592K, 77% used [0x00000000a0000000,0x00000000ba5411a8,0x00000000c2180000)
 Metaspace       used 87678K, capacity 92526K, committed 94080K, reserved 1132544K
  class space    used 10583K, capacity 11406K, committed 11904K, reserved 1048576K
}
Event: 2370.799 GC heap before
{Heap before GC invocations=125 (full 13):
 PSYoungGen      total 349696K, used 231098K [0x00000000e0000000, 0x0000000100000000, 0x0000000100000000)
  eden space 175104K, 100% used [0x00000000e0000000,0x00000000eab00000,0x00000000eab00000)
  from space 174592K, 32% used [0x00000000eab00000,0x00000000ee1ae9c0,0x00000000f5580000)
  to   space 174592K, 0% used [0x00000000f5580000,0x00000000f5580000,0x0000000100000000)
 ParOldGen       total 558592K, used 431364K [0x00000000a0000000, 0x00000000c2180000, 0x00000000e0000000)
  object space 558592K, 77% used [0x00000000a0000000,0x00000000ba5411a8,0x00000000c2180000)
 Metaspace       used 87678K, capacity 92526K, committed 94080K, reserved 1132544K
  class space    used 10583K, capacity 11406K, committed 11904K, reserved 1048576K
Event: 2370.880 GC heap after
Heap after GC invocations=125 (full 13):
 PSYoungGen      total 349696K, used 23489K [0x00000000e0000000, 0x0000000100000000, 0x0000000100000000)
  eden space 175104K, 0% used [0x00000000e0000000,0x00000000e0000000,0x00000000eab00000)
  from space 174592K, 13% used [0x00000000f5580000,0x00000000f6c70570,0x0000000100000000)
  to   space 174592K, 0% used [0x00000000eab00000,0x00000000eab00000,0x00000000f5580000)
 ParOldGen       total 558592K, used 485705K [0x00000000a0000000, 0x00000000c2180000, 0x00000000e0000000)
  object space 558592K, 86% used [0x00000000a0000000,0x00000000bda52530,0x00000000c2180000)
 Metaspace       used 87678K, capacity 92526K, committed 94080K, reserved 1132544K
  class space    used 10583K, capacity 11406K, committed 11904K, reserved 1048576K
}
Event: 2370.880 GC heap before
{Heap before GC invocations=126 (full 14):
 PSYoungGen      total 349696K, used 23489K [0x00000000e0000000, 0x0000000100000000, 0x0000000100000000)
  eden space 175104K, 0% used [0x00000000e0000000,0x00000000e0000000,0x00000000eab00000)
  from space 174592K, 13% used [0x00000000f5580000,0x00000000f6c70570,0x0000000100000000)
  to   space 174592K, 0% used [0x00000000eab00000,0x00000000eab00000,0x00000000f5580000)
 ParOldGen       total 558592K, used 485705K [0x00000000a0000000, 0x00000000c2180000, 0x00000000e0000000)
  object space 558592K, 86% used [0x00000000a0000000,0x00000000bda52530,0x00000000c2180000)
 Metaspace       used 87678K, capacity 92526K, committed 94080K, reserved 1132544K
  class space    used 10583K, capacity 11406K, committed 11904K, reserved 1048576K

