# JRE version: OpenJDK Runtime Environment (8.0_112-b06) (build 1.8.0_112-release-b06)
# Java VM: OpenJDK 64-Bit Server VM (25.112-b06 mixed mode linux-amd64 compressed oops)
Heap:
 PSYoungGen      total 419840K, used 0K [0x00000000e0000000, 0x0000000100000000, 0x0000000100000000)
  eden space 315392K, 0% used [0x00000000e0000000,0x00000000e0000000,0x00000000f3400000)
  from space 104448K, 0% used [0x00000000f3400000,0x00000000f3400000,0x00000000f9a00000)
  to   space 100864K, 0% used [0x00000000f9d80000,0x00000000f9d80000,0x0000000100000000)
 ParOldGen       total 310272K, used 302325K [0x00000000a0000000, 0x00000000b2f00000, 0x00000000e0000000)
  object space 310272K, 97% used [0x00000000a0000000,0x00000000b273d778,0x00000000b2f00000)
 Metaspace       used 64805K, capacity 66696K, committed 67072K, reserved 1107968K
  class space    used 8417K, capacity 8828K, committed 8960K, reserved 1048576K
GC Heap History (10 events):
Event: 30.013 GC heap after
Heap after GC invocations=26 (full 6):
 PSYoungGen      total 438272K, used 37453K [0x00000000e0000000, 0x0000000100000000, 0x0000000100000000)
  eden space 364544K, 0% used [0x00000000e0000000,0x00000000e0000000,0x00000000f6400000)
  from space 73728K, 50% used [0x00000000fb800000,0x00000000fdc934c8,0x0000000100000000)
  to   space 79872K, 0% used [0x00000000f6400000,0x00000000f6400000,0x00000000fb200000)
 ParOldGen       total 208896K, used 121340K [0x00000000a0000000, 0x00000000acc00000, 0x00000000e0000000)
  object space 208896K, 58% used [0x00000000a0000000,0x00000000a767f150,0x00000000acc00000)
 Metaspace       used 64776K, capacity 66696K, committed 67072K, reserved 1107968K
  class space    used 8416K, capacity 8828K, committed 8960K, reserved 1048576K
}
Event: 31.094 GC heap before
{Heap before GC invocations=27 (full 6):
 PSYoungGen      total 438272K, used 401997K [0x00000000e0000000, 0x0000000100000000, 0x0000000100000000)
  eden space 364544K, 100% used [0x00000000e0000000,0x00000000f6400000,0x00000000f6400000)
  from space 73728K, 50% used [0x00000000fb800000,0x00000000fdc934c8,0x0000000100000000)
  to   space 79872K, 0% used [0x00000000f6400000,0x00000000f6400000,0x00000000fb200000)
 ParOldGen       total 208896K, used 121340K [0x00000000a0000000, 0x00000000acc00000, 0x00000000e0000000)
  object space 208896K, 58% used [0x00000000a0000000,0x00000000a767f150,0x00000000acc00000)
 Metaspace       used 64787K, capacity 66696K, committed 67072K, reserved 1107968K
  class space    used 8416K, capacity 8828K, committed 8960K, reserved 1048576K
Event: 31.235 GC heap after
Heap after GC invocations=27 (full 6):
 PSYoungGen      total 415232K, used 50439K [0x00000000e0000000, 0x0000000100000000, 0x0000000100000000)
  eden space 364544K, 0% used [0x00000000e0000000,0x00000000e0000000,0x00000000f6400000)
  from space 50688K, 99% used [0x00000000f6400000,0x00000000f9541d00,0x00000000f9580000)
  to   space 82944K, 0% used [0x00000000faf00000,0x00000000faf00000,0x0000000100000000)
 ParOldGen       total 208896K, used 157907K [0x00000000a0000000, 0x00000000acc00000, 0x00000000e0000000)
  object space 208896K, 75% used [0x00000000a0000000,0x00000000a9a34e38,0x00000000acc00000)
 Metaspace       used 64787K, capacity 66696K, committed 67072K, reserved 1107968K
  class space    used 8416K, capacity 8828K, committed 8960K, reserved 1048576K
}
Event: 32.412 GC heap before
{Heap before GC invocations=28 (full 6):
 PSYoungGen      total 415232K, used 414983K [0x00000000e0000000, 0x0000000100000000, 0x0000000100000000)
  eden space 364544K, 100% used [0x00000000e0000000,0x00000000f6400000,0x00000000f6400000)
  from space 50688K, 99% used [0x00000000f6400000,0x00000000f9541d00,0x00000000f9580000)
  to   space 82944K, 0% used [0x00000000faf00000,0x00000000faf00000,0x0000000100000000)
 ParOldGen       total 208896K, used 157907K [0x00000000a0000000, 0x00000000acc00000, 0x00000000e0000000)
  object space 208896K, 75% used [0x00000000a0000000,0x00000000a9a34e38,0x00000000acc00000)
 Metaspace       used 64800K, capacity 66696K, committed 67072K, reserved 1107968K
  class space    used 8417K, capacity 8828K, committed 8960K, reserved 1048576K
Event: 32.563 GC heap after
Heap after GC invocations=28 (full 6):
 PSYoungGen      total 398336K, used 82917K [0x00000000e0000000, 0x0000000100000000, 0x0000000100000000)
  eden space 315392K, 0% used [0x00000000e0000000,0x00000000e0000000,0x00000000f3400000)
  from space 82944K, 99% used [0x00000000faf00000,0x00000000ffff95b0,0x0000000100000000)
  to   space 104448K, 0% used [0x00000000f3400000,0x00000000f3400000,0x00000000f9a00000)
 ParOldGen       total 208896K, used 178080K [0x00000000a0000000, 0x00000000acc00000, 0x00000000e0000000)
  object space 208896K, 85% used [0x00000000a0000000,0x00000000aade8180,0x00000000acc00000)
 Metaspace       used 64800K, capacity 66696K, committed 67072K, reserved 1107968K
  class space    used 8417K, capacity 8828K, committed 8960K, reserved 1048576K
}
Event: 32.563 GC heap before
{Heap before GC invocations=29 (full 7):
 PSYoungGen      total 398336K, used 82917K [0x00000000e0000000, 0x0000000100000000, 0x0000000100000000)
  eden space 315392K, 0% used [0x00000000e0000000,0x00000000e0000000,0x00000000f3400000)
  from space 82944K, 99% used [0x00000000faf00000,0x00000000ffff95b0,0x0000000100000000)
  to   space 104448K, 0% used [0x00000000f3400000,0x00000000f3400000,0x00000000f9a00000)
 ParOldGen       total 208896K, used 178080K [0x00000000a0000000, 0x00000000acc00000, 0x00000000e0000000)
  object space 208896K, 85% used [0x00000000a0000000,0x00000000aade8180,0x00000000acc00000)
 Metaspace       used 64800K, capacity 66696K, committed 67072K, reserved 1107968K
  class space    used 8417K, capacity 8828K, committed 8960K, reserved 1048576K
Event: 34.354 GC heap after
Heap after GC invocations=29 (full 7):
 PSYoungGen      total 398336K, used 51014K [0x00000000e0000000, 0x0000000100000000, 0x0000000100000000)
  eden space 315392K, 0% used [0x00000000e0000000,0x00000000e0000000,0x00000000f3400000)
  from space 82944K, 61% used [0x00000000faf00000,0x00000000fe0d1b68,0x0000000100000000)
  to   space 104448K, 0% used [0x00000000f3400000,0x00000000f3400000,0x00000000f9a00000)
 ParOldGen       total 310272K, used 208667K [0x00000000a0000000, 0x00000000b2f00000, 0x00000000e0000000)
  object space 310272K, 67% used [0x00000000a0000000,0x00000000acbc6d18,0x00000000b2f00000)
 Metaspace       used 64800K, capacity 66696K, committed 67072K, reserved 1107968K
  class space    used 8417K, capacity 8828K, committed 8960K, reserved 1048576K
}
Event: 35.232 GC heap before
{Heap before GC invocations=30 (full 7):
 PSYoungGen      total 398336K, used 366406K [0x00000000e0000000, 0x0000000100000000, 0x0000000100000000)
  eden space 315392K, 100% used [0x00000000e0000000,0x00000000f3400000,0x00000000f3400000)
  from space 82944K, 61% used [0x00000000faf00000,0x00000000fe0d1b68,0x0000000100000000)
  to   space 104448K, 0% used [0x00000000f3400000,0x00000000f3400000,0x00000000f9a00000)
 ParOldGen       total 310272K, used 208667K [0x00000000a0000000, 0x00000000b2f00000, 0x00000000e0000000)
  object space 310272K, 67% used [0x00000000a0000000,0x00000000acbc6d18,0x00000000b2f00000)
 Metaspace       used 64805K, capacity 66696K, committed 67072K, reserved 1107968K
  class space    used 8417K, capacity 8828K, committed 8960K, reserved 1048576K
Event: 35.374 GC heap after
Heap after GC invocations=30 (full 7):
 PSYoungGen      total 419840K, used 45882K [0x00000000e0000000, 0x0000000100000000, 0x0000000100000000)
  eden space 315392K, 0% used [0x00000000e0000000,0x00000000e0000000,0x00000000f3400000)
  from space 104448K, 43% used [0x00000000f3400000,0x00000000f60ce818,0x00000000f9a00000)
  to   space 100864K, 0% used [0x00000000f9d80000,0x00000000f9d80000,0x0000000100000000)
 ParOldGen       total 310272K, used 259867K [0x00000000a0000000, 0x00000000b2f00000, 0x00000000e0000000)
  object space 310272K, 83% used [0x00000000a0000000,0x00000000afdc6f70,0x00000000b2f00000)
 Metaspace       used 64805K, capacity 66696K, committed 67072K, reserved 1107968K
  class space    used 8417K, capacity 8828K, committed 8960K, reserved 1048576K
}
Event: 35.374 GC heap before
{Heap before GC invocations=31 (full 8):
 PSYoungGen      total 419840K, used 45882K [0x00000000e0000000, 0x0000000100000000, 0x0000000100000000)
  eden space 315392K, 0% used [0x00000000e0000000,0x00000000e0000000,0x00000000f3400000)
  from space 104448K, 43% used [0x00000000f3400000,0x00000000f60ce818,0x00000000f9a00000)
  to   space 100864K, 0% used [0x00000000f9d80000,0x00000000f9d80000,0x0000000100000000)
 ParOldGen       total 310272K, used 259867K [0x00000000a0000000, 0x00000000b2f00000, 0x00000000e0000000)
  object space 310272K, 83% used [0x00000000a0000000,0x00000000afdc6f70,0x00000000b2f00000)
 Metaspace       used 64805K, capacity 66696K, committed 67072K, reserved 1107968K
  class space    used 8417K, capacity 8828K, committed 8960K, reserved 1048576K

