# JRE version: OpenJDK Runtime Environment (8.0_112-b06) (build 1.8.0_112-release-b06)
# Java VM: OpenJDK 64-Bit Server VM (25.112-b06 mixed mode linux-amd64 compressed oops)
Heap:
 PSYoungGen      total 436224K, used 0K [0x00000000e0000000, 0x00000000ffc00000, 0x0000000100000000)
  eden space 355328K, 0% used [0x00000000e0000000,0x00000000e0000000,0x00000000f5b00000)
  from space 80896K, 0% used [0x00000000fad00000,0x00000000fad00000,0x00000000ffc00000)
  to   space 82432K, 0% used [0x00000000f5b00000,0x00000000f5b00000,0x00000000fab80000)
 ParOldGen       total 404480K, used 376755K [0x00000000a0000000, 0x00000000b8b00000, 0x00000000e0000000)
  object space 404480K, 93% used [0x00000000a0000000,0x00000000b6fecdd0,0x00000000b8b00000)
 Metaspace       used 70670K, capacity 74062K, committed 74496K, reserved 1114112K
  class space    used 8822K, capacity 9340K, committed 9472K, reserved 1048576K
GC Heap History (10 events):
Event: 1244.925 GC heap after
Heap after GC invocations=160 (full 18):
 PSYoungGen      total 421888K, used 41742K [0x00000000e0000000, 0x00000000ff400000, 0x0000000100000000)
  eden space 334848K, 0% used [0x00000000e0000000,0x00000000e0000000,0x00000000f4700000)
  from space 87040K, 47% used [0x00000000f9f00000,0x00000000fc7c38a8,0x00000000ff400000)
  to   space 88576K, 0% used [0x00000000f4700000,0x00000000f4700000,0x00000000f9d80000)
 ParOldGen       total 404480K, used 150001K [0x00000000a0000000, 0x00000000b8b00000, 0x00000000e0000000)
  object space 404480K, 37% used [0x00000000a0000000,0x00000000a927c7b0,0x00000000b8b00000)
 Metaspace       used 70727K, capacity 74170K, committed 74496K, reserved 1114112K
  class space    used 8831K, capacity 9380K, committed 9472K, reserved 1048576K
}
Event: 1245.234 GC heap before
{Heap before GC invocations=161 (full 18):
 PSYoungGen      total 421888K, used 376590K [0x00000000e0000000, 0x00000000ff400000, 0x0000000100000000)
  eden space 334848K, 100% used [0x00000000e0000000,0x00000000f4700000,0x00000000f4700000)
  from space 87040K, 47% used [0x00000000f9f00000,0x00000000fc7c38a8,0x00000000ff400000)
  to   space 88576K, 0% used [0x00000000f4700000,0x00000000f4700000,0x00000000f9d80000)
 ParOldGen       total 404480K, used 150001K [0x00000000a0000000, 0x00000000b8b00000, 0x00000000e0000000)
  object space 404480K, 37% used [0x00000000a0000000,0x00000000a927c7b0,0x00000000b8b00000)
 Metaspace       used 70727K, capacity 74170K, committed 74496K, reserved 1114112K
  class space    used 8831K, capacity 9380K, committed 9472K, reserved 1048576K
Event: 1245.318 GC heap after
Heap after GC invocations=161 (full 18):
 PSYoungGen      total 423424K, used 51357K [0x00000000e0000000, 0x00000000ffd80000, 0x0000000100000000)
  eden space 334848K, 0% used [0x00000000e0000000,0x00000000e0000000,0x00000000f4700000)
  from space 88576K, 57% used [0x00000000f4700000,0x00000000f79276e8,0x00000000f9d80000)
  to   space 86528K, 0% used [0x00000000fa900000,0x00000000fa900000,0x00000000ffd80000)
 ParOldGen       total 404480K, used 190431K [0x00000000a0000000, 0x00000000b8b00000, 0x00000000e0000000)
  object space 404480K, 47% used [0x00000000a0000000,0x00000000ab9f7f78,0x00000000b8b00000)
 Metaspace       used 70727K, capacity 74170K, committed 74496K, reserved 1114112K
  class space    used 8831K, capacity 9380K, committed 9472K, reserved 1048576K
}
Event: 1245.619 GC heap before
{Heap before GC invocations=162 (full 18):
 PSYoungGen      total 423424K, used 386205K [0x00000000e0000000, 0x00000000ffd80000, 0x0000000100000000)
  eden space 334848K, 100% used [0x00000000e0000000,0x00000000f4700000,0x00000000f4700000)
  from space 88576K, 57% used [0x00000000f4700000,0x00000000f79276e8,0x00000000f9d80000)
  to   space 86528K, 0% used [0x00000000fa900000,0x00000000fa900000,0x00000000ffd80000)
 ParOldGen       total 404480K, used 190431K [0x00000000a0000000, 0x00000000b8b00000, 0x00000000e0000000)
  object space 404480K, 47% used [0x00000000a0000000,0x00000000ab9f7f78,0x00000000b8b00000)
 Metaspace       used 70727K, capacity 74170K, committed 74496K, reserved 1114112K
  class space    used 8831K, capacity 9380K, committed 9472K, reserved 1048576K
Event: 1245.709 GC heap after
Heap after GC invocations=162 (full 18):
 PSYoungGen      total 431104K, used 49884K [0x00000000e0000000, 0x00000000ff900000, 0x0000000100000000)
  eden space 349184K, 0% used [0x00000000e0000000,0x00000000e0000000,0x00000000f5500000)
  from space 81920K, 60% used [0x00000000fa900000,0x00000000fd9b7298,0x00000000ff900000)
  to   space 83968K, 0% used [0x00000000f5500000,0x00000000f5500000,0x00000000fa700000)
 ParOldGen       total 404480K, used 239511K [0x00000000a0000000, 0x00000000b8b00000, 0x00000000e0000000)
  object space 404480K, 59% used [0x00000000a0000000,0x00000000ae9e5e10,0x00000000b8b00000)
 Metaspace       used 70727K, capacity 74170K, committed 74496K, reserved 1114112K
  class space    used 8831K, capacity 9380K, committed 9472K, reserved 1048576K
}
Event: 1246.042 GC heap before
{Heap before GC invocations=163 (full 18):
 PSYoungGen      total 431104K, used 399068K [0x00000000e0000000, 0x00000000ff900000, 0x0000000100000000)
  eden space 349184K, 100% used [0x00000000e0000000,0x00000000f5500000,0x00000000f5500000)
  from space 81920K, 60% used [0x00000000fa900000,0x00000000fd9b7298,0x00000000ff900000)
  to   space 83968K, 0% used [0x00000000f5500000,0x00000000f5500000,0x00000000fa700000)
 ParOldGen       total 404480K, used 239511K [0x00000000a0000000, 0x00000000b8b00000, 0x00000000e0000000)
  object space 404480K, 59% used [0x00000000a0000000,0x00000000ae9e5e10,0x00000000b8b00000)
 Metaspace       used 70727K, capacity 74170K, committed 74496K, reserved 1114112K
  class space    used 8831K, capacity 9380K, committed 9472K, reserved 1048576K
Event: 1246.140 GC heap after
Heap after GC invocations=163 (full 18):
 PSYoungGen      total 433152K, used 59817K [0x00000000e0000000, 0x0000000100000000, 0x0000000100000000)
  eden space 349184K, 0% used [0x00000000e0000000,0x00000000e0000000,0x00000000f5500000)
  from space 83968K, 71% used [0x00000000f5500000,0x00000000f8f6a5b8,0x00000000fa700000)
  to   space 84992K, 0% used [0x00000000fad00000,0x00000000fad00000,0x0000000100000000)
 ParOldGen       total 404480K, used 286932K [0x00000000a0000000, 0x00000000b8b00000, 0x00000000e0000000)
  object space 404480K, 70% used [0x00000000a0000000,0x00000000b1835350,0x00000000b8b00000)
 Metaspace       used 70727K, capacity 74170K, committed 74496K, reserved 1114112K
  class space    used 8831K, capacity 9380K, committed 9472K, reserved 1048576K
}
Event: 1246.423 GC heap before
{Heap before GC invocations=164 (full 18):
 PSYoungGen      total 433152K, used 409001K [0x00000000e0000000, 0x0000000100000000, 0x0000000100000000)
  eden space 349184K, 100% used [0x00000000e0000000,0x00000000f5500000,0x00000000f5500000)
  from space 83968K, 71% used [0x00000000f5500000,0x00000000f8f6a5b8,0x00000000fa700000)
  to   space 84992K, 0% used [0x00000000fad00000,0x00000000fad00000,0x0000000100000000)
 ParOldGen       total 404480K, used 286932K [0x00000000a0000000, 0x00000000b8b00000, 0x00000000e0000000)
  object space 404480K, 70% used [0x00000000a0000000,0x00000000b1835350,0x00000000b8b00000)
 Metaspace       used 70727K, capacity 74170K, committed 74496K, reserved 1114112K
  class space    used 8831K, capacity 9380K, committed 9472K, reserved 1048576K
Event: 1246.518 GC heap after
Heap after GC invocations=164 (full 18):
 PSYoungGen      total 436224K, used 50257K [0x00000000e0000000, 0x00000000ffc00000, 0x0000000100000000)
  eden space 355328K, 0% used [0x00000000e0000000,0x00000000e0000000,0x00000000f5b00000)
  from space 80896K, 62% used [0x00000000fad00000,0x00000000fde14470,0x00000000ffc00000)
  to   space 82432K, 0% used [0x00000000f5b00000,0x00000000f5b00000,0x00000000fab80000)
 ParOldGen       total 404480K, used 337456K [0x00000000a0000000, 0x00000000b8b00000, 0x00000000e0000000)
  object space 404480K, 83% used [0x00000000a0000000,0x00000000b498c338,0x00000000b8b00000)
 Metaspace       used 70727K, capacity 74170K, committed 74496K, reserved 1114112K
  class space    used 8831K, capacity 9380K, committed 9472K, reserved 1048576K
}
Event: 1246.518 GC heap before
{Heap before GC invocations=165 (full 19):
 PSYoungGen      total 436224K, used 50257K [0x00000000e0000000, 0x00000000ffc00000, 0x0000000100000000)
  eden space 355328K, 0% used [0x00000000e0000000,0x00000000e0000000,0x00000000f5b00000)
  from space 80896K, 62% used [0x00000000fad00000,0x00000000fde14470,0x00000000ffc00000)
  to   space 82432K, 0% used [0x00000000f5b00000,0x00000000f5b00000,0x00000000fab80000)
 ParOldGen       total 404480K, used 337456K [0x00000000a0000000, 0x00000000b8b00000, 0x00000000e0000000)
  object space 404480K, 83% used [0x00000000a0000000,0x00000000b498c338,0x00000000b8b00000)
 Metaspace       used 70727K, capacity 74170K, committed 74496K, reserved 1114112K
  class space    used 8831K, capacity 9380K, committed 9472K, reserved 1048576K

