# JRE version: OpenJDK Runtime Environment (8.0_112-b06) (build 1.8.0_112-release-b06)
# Java VM: OpenJDK 64-Bit Server VM (25.112-b06 mixed mode linux-amd64 compressed oops)
Heap:
 PSYoungGen      total 344064K, used 23167K [0x00000000e0000000, 0x00000000f8d00000, 0x0000000100000000)
  eden space 283136K, 0% used [0x00000000e0000000,0x00000000e0000000,0x00000000f1480000)
  from space 60928K, 38% used [0x00000000f5000000,0x00000000f669fc10,0x00000000f8b80000)
  to   space 60928K, 0% used [0x00000000f1480000,0x00000000f1480000,0x00000000f5000000)
 ParOldGen       total 341504K, used 341249K [0x00000000a0000000, 0x00000000b4d80000, 0x00000000e0000000)
  object space 341504K, 99% used [0x00000000a0000000,0x00000000b4d406f0,0x00000000b4d80000)
 Metaspace       used 71018K, capacity 74234K, committed 74456K, reserved 1114112K
  class space    used 9166K, capacity 9854K, committed 9984K, reserved 1048576K
GC Heap History (10 events):
Event: 55.667 GC heap after
Heap after GC invocations=42 (full 6):
 PSYoungGen      total 280064K, used 10043K [0x00000000e0000000, 0x00000000f4080000, 0x0000000100000000)
  eden space 239616K, 0% used [0x00000000e0000000,0x00000000e0000000,0x00000000eea00000)
  from space 40448K, 24% used [0x00000000f1380000,0x00000000f1d4ed00,0x00000000f3b00000)
  to   space 42496K, 0% used [0x00000000eea00000,0x00000000eea00000,0x00000000f1380000)
 ParOldGen       total 341504K, used 219268K [0x00000000a0000000, 0x00000000b4d80000, 0x00000000e0000000)
  object space 341504K, 64% used [0x00000000a0000000,0x00000000ad6213c8,0x00000000b4d80000)
 Metaspace       used 71002K, capacity 74234K, committed 74456K, reserved 1114112K
  class space    used 9166K, capacity 9854K, committed 9984K, reserved 1048576K
}
Event: 56.434 GC heap before
{Heap before GC invocations=43 (full 6):
 PSYoungGen      total 280064K, used 249659K [0x00000000e0000000, 0x00000000f4080000, 0x0000000100000000)
  eden space 239616K, 100% used [0x00000000e0000000,0x00000000eea00000,0x00000000eea00000)
  from space 40448K, 24% used [0x00000000f1380000,0x00000000f1d4ed00,0x00000000f3b00000)
  to   space 42496K, 0% used [0x00000000eea00000,0x00000000eea00000,0x00000000f1380000)
 ParOldGen       total 341504K, used 219268K [0x00000000a0000000, 0x00000000b4d80000, 0x00000000e0000000)
  object space 341504K, 64% used [0x00000000a0000000,0x00000000ad6213c8,0x00000000b4d80000)
 Metaspace       used 71011K, capacity 74234K, committed 74456K, reserved 1114112K
  class space    used 9166K, capacity 9854K, committed 9984K, reserved 1048576K
Event: 56.576 GC heap after
Heap after GC invocations=43 (full 6):
 PSYoungGen      total 282112K, used 35155K [0x00000000e0000000, 0x00000000f5d00000, 0x0000000100000000)
  eden space 239616K, 0% used [0x00000000e0000000,0x00000000e0000000,0x00000000eea00000)
  from space 42496K, 82% used [0x00000000eea00000,0x00000000f0c54c98,0x00000000f1380000)
  to   space 45568K, 0% used [0x00000000f3080000,0x00000000f3080000,0x00000000f5d00000)
 ParOldGen       total 341504K, used 227942K [0x00000000a0000000, 0x00000000b4d80000, 0x00000000e0000000)
  object space 341504K, 66% used [0x00000000a0000000,0x00000000ade99ab0,0x00000000b4d80000)
 Metaspace       used 71011K, capacity 74234K, committed 74456K, reserved 1114112K
  class space    used 9166K, capacity 9854K, committed 9984K, reserved 1048576K
}
Event: 57.193 GC heap before
{Heap before GC invocations=44 (full 6):
 PSYoungGen      total 282112K, used 274771K [0x00000000e0000000, 0x00000000f5d00000, 0x0000000100000000)
  eden space 239616K, 100% used [0x00000000e0000000,0x00000000eea00000,0x00000000eea00000)
  from space 42496K, 82% used [0x00000000eea00000,0x00000000f0c54c98,0x00000000f1380000)
  to   space 45568K, 0% used [0x00000000f3080000,0x00000000f3080000,0x00000000f5d00000)
 ParOldGen       total 341504K, used 227942K [0x00000000a0000000, 0x00000000b4d80000, 0x00000000e0000000)
  object space 341504K, 66% used [0x00000000a0000000,0x00000000ade99ab0,0x00000000b4d80000)
 Metaspace       used 71013K, capacity 74234K, committed 74456K, reserved 1114112K
  class space    used 9166K, capacity 9854K, committed 9984K, reserved 1048576K
Event: 57.298 GC heap after
Heap after GC invocations=44 (full 6):
 PSYoungGen      total 297472K, used 45553K [0x00000000e0000000, 0x00000000f7b80000, 0x0000000100000000)
  eden space 251904K, 0% used [0x00000000e0000000,0x00000000e0000000,0x00000000ef600000)
  from space 45568K, 99% used [0x00000000f3080000,0x00000000f5cfc530,0x00000000f5d00000)
  to   space 59904K, 0% used [0x00000000ef600000,0x00000000ef600000,0x00000000f3080000)
 ParOldGen       total 341504K, used 249058K [0x00000000a0000000, 0x00000000b4d80000, 0x00000000e0000000)
  object space 341504K, 72% used [0x00000000a0000000,0x00000000af338b40,0x00000000b4d80000)
 Metaspace       used 71013K, capacity 74234K, committed 74456K, reserved 1114112K
  class space    used 9166K, capacity 9854K, committed 9984K, reserved 1048576K
}
Event: 58.118 GC heap before
{Heap before GC invocations=45 (full 6):
 PSYoungGen      total 297472K, used 297457K [0x00000000e0000000, 0x00000000f7b80000, 0x0000000100000000)
  eden space 251904K, 100% used [0x00000000e0000000,0x00000000ef600000,0x00000000ef600000)
  from space 45568K, 99% used [0x00000000f3080000,0x00000000f5cfc530,0x00000000f5d00000)
  to   space 59904K, 0% used [0x00000000ef600000,0x00000000ef600000,0x00000000f3080000)
 ParOldGen       total 341504K, used 249058K [0x00000000a0000000, 0x00000000b4d80000, 0x00000000e0000000)
  object space 341504K, 72% used [0x00000000a0000000,0x00000000af338b40,0x00000000b4d80000)
 Metaspace       used 71017K, capacity 74234K, committed 74456K, reserved 1114112K
  class space    used 9166K, capacity 9854K, committed 9984K, reserved 1048576K
Event: 58.219 GC heap after
Heap after GC invocations=45 (full 6):
 PSYoungGen      total 311808K, used 38031K [0x00000000e0000000, 0x00000000f8b80000, 0x0000000100000000)
  eden space 251904K, 0% used [0x00000000e0000000,0x00000000e0000000,0x00000000ef600000)
  from space 59904K, 63% used [0x00000000ef600000,0x00000000f1b23dc8,0x00000000f3080000)
  to   space 60928K, 0% used [0x00000000f5000000,0x00000000f5000000,0x00000000f8b80000)
 ParOldGen       total 341504K, used 294434K [0x00000000a0000000, 0x00000000b4d80000, 0x00000000e0000000)
  object space 341504K, 86% used [0x00000000a0000000,0x00000000b1f88af0,0x00000000b4d80000)
 Metaspace       used 71017K, capacity 74234K, committed 74456K, reserved 1114112K
  class space    used 9166K, capacity 9854K, committed 9984K, reserved 1048576K
}
Event: 58.885 GC heap before
{Heap before GC invocations=46 (full 6):
 PSYoungGen      total 311808K, used 289935K [0x00000000e0000000, 0x00000000f8b80000, 0x0000000100000000)
  eden space 251904K, 100% used [0x00000000e0000000,0x00000000ef600000,0x00000000ef600000)
  from space 59904K, 63% used [0x00000000ef600000,0x00000000f1b23dc8,0x00000000f3080000)
  to   space 60928K, 0% used [0x00000000f5000000,0x00000000f5000000,0x00000000f8b80000)
 ParOldGen       total 341504K, used 294434K [0x00000000a0000000, 0x00000000b4d80000, 0x00000000e0000000)
  object space 341504K, 86% used [0x00000000a0000000,0x00000000b1f88af0,0x00000000b4d80000)
 Metaspace       used 71018K, capacity 74234K, committed 74456K, reserved 1114112K
  class space    used 9166K, capacity 9854K, committed 9984K, reserved 1048576K
Event: 59.000 GC heap after
Heap after GC invocations=46 (full 6):
 PSYoungGen      total 344064K, used 36752K [0x00000000e0000000, 0x00000000f8d00000, 0x0000000100000000)
  eden space 283136K, 0% used [0x00000000e0000000,0x00000000e0000000,0x00000000f1480000)
  from space 60928K, 60% used [0x00000000f5000000,0x00000000f73e4138,0x00000000f8b80000)
  to   space 60928K, 0% used [0x00000000f1480000,0x00000000f1480000,0x00000000f5000000)
 ParOldGen       total 341504K, used 330872K [0x00000000a0000000, 0x00000000b4d80000, 0x00000000e0000000)
  object space 341504K, 96% used [0x00000000a0000000,0x00000000b431e010,0x00000000b4d80000)
 Metaspace       used 71018K, capacity 74234K, committed 74456K, reserved 1114112K
  class space    used 9166K, capacity 9854K, committed 9984K, reserved 1048576K
}
Event: 59.000 GC heap before
{Heap before GC invocations=47 (full 7):
 PSYoungGen      total 344064K, used 36752K [0x00000000e0000000, 0x00000000f8d00000, 0x0000000100000000)
  eden space 283136K, 0% used [0x00000000e0000000,0x00000000e0000000,0x00000000f1480000)
  from space 60928K, 60% used [0x00000000f5000000,0x00000000f73e4138,0x00000000f8b80000)
  to   space 60928K, 0% used [0x00000000f1480000,0x00000000f1480000,0x00000000f5000000)
 ParOldGen       total 341504K, used 330872K [0x00000000a0000000, 0x00000000b4d80000, 0x00000000e0000000)
  object space 341504K, 96% used [0x00000000a0000000,0x00000000b431e010,0x00000000b4d80000)
 Metaspace       used 71018K, capacity 74234K, committed 74456K, reserved 1114112K
  class space    used 9166K, capacity 9854K, committed 9984K, reserved 1048576K

