# JRE version: OpenJDK Runtime Environment (8.0_112-b06) (build 1.8.0_112-release-b06)
# Java VM: OpenJDK 64-Bit Server VM (25.112-b06 mixed mode linux-amd64 compressed oops)
Heap:
 PSYoungGen      total 344064K, used 35843K [0x00000000e0000000, 0x00000000fb080000, 0x0000000100000000)
  eden space 248832K, 0% used [0x00000000e0000000,0x00000000e0000000,0x00000000ef300000)
  from space 95232K, 37% used [0x00000000f5000000,0x00000000f7300f28,0x00000000fad00000)
  to   space 95232K, 0% used [0x00000000ef300000,0x00000000ef300000,0x00000000f5000000)
 ParOldGen       total 422912K, used 422702K [0x00000000a0000000, 0x00000000b9d00000, 0x00000000e0000000)
  object space 422912K, 99% used [0x00000000a0000000,0x00000000b9ccb8a0,0x00000000b9d00000)
 Metaspace       used 55200K, capacity 56968K, committed 57088K, reserved 1099776K
  class space    used 7289K, capacity 7658K, committed 7680K, reserved 1048576K
GC Heap History (10 events):
Event: 65.249 GC heap after
Heap after GC invocations=43 (full 7):
 PSYoungGen      total 272384K, used 30975K [0x00000000e0000000, 0x00000000f4480000, 0x0000000100000000)
  eden space 221696K, 0% used [0x00000000e0000000,0x00000000e0000000,0x00000000ed880000)
  from space 50688K, 61% used [0x00000000f1300000,0x00000000f313fd88,0x00000000f4480000)
  to   space 55296K, 0% used [0x00000000ed880000,0x00000000ed880000,0x00000000f0e80000)
 ParOldGen       total 422912K, used 304578K [0x00000000a0000000, 0x00000000b9d00000, 0x00000000e0000000)
  object space 422912K, 72% used [0x00000000a0000000,0x00000000b2970950,0x00000000b9d00000)
 Metaspace       used 55190K, capacity 56904K, committed 57088K, reserved 1099776K
  class space    used 7289K, capacity 7658K, committed 7680K, reserved 1048576K
}
Event: 65.701 GC heap before
{Heap before GC invocations=44 (full 7):
 PSYoungGen      total 272384K, used 251845K [0x00000000e0000000, 0x00000000f4480000, 0x0000000100000000)
  eden space 221696K, 99% used [0x00000000e0000000,0x00000000ed7b1988,0x00000000ed880000)
  from space 50688K, 61% used [0x00000000f1300000,0x00000000f313fd88,0x00000000f4480000)
  to   space 55296K, 0% used [0x00000000ed880000,0x00000000ed880000,0x00000000f0e80000)
 ParOldGen       total 422912K, used 304578K [0x00000000a0000000, 0x00000000b9d00000, 0x00000000e0000000)
  object space 422912K, 72% used [0x00000000a0000000,0x00000000b2970950,0x00000000b9d00000)
 Metaspace       used 55194K, capacity 56904K, committed 57088K, reserved 1099776K
  class space    used 7289K, capacity 7658K, committed 7680K, reserved 1048576K
Event: 65.754 GC heap after
Heap after GC invocations=44 (full 7):
 PSYoungGen      total 276992K, used 55275K [0x00000000e0000000, 0x00000000f6700000, 0x0000000100000000)
  eden space 221696K, 0% used [0x00000000e0000000,0x00000000e0000000,0x00000000ed880000)
  from space 55296K, 99% used [0x00000000ed880000,0x00000000f0e7ae18,0x00000000f0e80000)
  to   space 64512K, 0% used [0x00000000f2800000,0x00000000f2800000,0x00000000f6700000)
 ParOldGen       total 422912K, used 307793K [0x00000000a0000000, 0x00000000b9d00000, 0x00000000e0000000)
  object space 422912K, 72% used [0x00000000a0000000,0x00000000b2c94480,0x00000000b9d00000)
 Metaspace       used 55194K, capacity 56904K, committed 57088K, reserved 1099776K
  class space    used 7289K, capacity 7658K, committed 7680K, reserved 1048576K
}
Event: 66.378 GC heap before
{Heap before GC invocations=45 (full 7):
 PSYoungGen      total 276992K, used 276971K [0x00000000e0000000, 0x00000000f6700000, 0x0000000100000000)
  eden space 221696K, 100% used [0x00000000e0000000,0x00000000ed880000,0x00000000ed880000)
  from space 55296K, 99% used [0x00000000ed880000,0x00000000f0e7ae18,0x00000000f0e80000)
  to   space 64512K, 0% used [0x00000000f2800000,0x00000000f2800000,0x00000000f6700000)
 ParOldGen       total 422912K, used 307793K [0x00000000a0000000, 0x00000000b9d00000, 0x00000000e0000000)
  object space 422912K, 72% used [0x00000000a0000000,0x00000000b2c94480,0x00000000b9d00000)
 Metaspace       used 55195K, capacity 56904K, committed 57088K, reserved 1099776K
  class space    used 7289K, capacity 7658K, committed 7680K, reserved 1048576K
Event: 66.492 GC heap after
Heap after GC invocations=45 (full 7):
 PSYoungGen      total 293376K, used 63275K [0x00000000e0000000, 0x00000000f7b80000, 0x0000000100000000)
  eden space 228864K, 0% used [0x00000000e0000000,0x00000000e0000000,0x00000000edf80000)
  from space 64512K, 98% used [0x00000000f2800000,0x00000000f65cacf0,0x00000000f6700000)
  to   space 74240K, 0% used [0x00000000edf80000,0x00000000edf80000,0x00000000f2800000)
 ParOldGen       total 422912K, used 337028K [0x00000000a0000000, 0x00000000b9d00000, 0x00000000e0000000)
  object space 422912K, 79% used [0x00000000a0000000,0x00000000b49212e8,0x00000000b9d00000)
 Metaspace       used 55195K, capacity 56904K, committed 57088K, reserved 1099776K
  class space    used 7289K, capacity 7658K, committed 7680K, reserved 1048576K
}
Event: 67.340 GC heap before
{Heap before GC invocations=46 (full 7):
 PSYoungGen      total 293376K, used 292139K [0x00000000e0000000, 0x00000000f7b80000, 0x0000000100000000)
  eden space 228864K, 100% used [0x00000000e0000000,0x00000000edf80000,0x00000000edf80000)
  from space 64512K, 98% used [0x00000000f2800000,0x00000000f65cacf0,0x00000000f6700000)
  to   space 74240K, 0% used [0x00000000edf80000,0x00000000edf80000,0x00000000f2800000)
 ParOldGen       total 422912K, used 337028K [0x00000000a0000000, 0x00000000b9d00000, 0x00000000e0000000)
  object space 422912K, 79% used [0x00000000a0000000,0x00000000b49212e8,0x00000000b9d00000)
 Metaspace       used 55198K, capacity 56968K, committed 57088K, reserved 1099776K
  class space    used 7289K, capacity 7658K, committed 7680K, reserved 1048576K
Event: 67.491 GC heap after
Heap after GC invocations=46 (full 7):
 PSYoungGen      total 303104K, used 74225K [0x00000000e0000000, 0x00000000fad00000, 0x0000000100000000)
  eden space 228864K, 0% used [0x00000000e0000000,0x00000000e0000000,0x00000000edf80000)
  from space 74240K, 99% used [0x00000000edf80000,0x00000000f27fc458,0x00000000f2800000)
  to   space 95232K, 0% used [0x00000000f5000000,0x00000000f5000000,0x00000000fad00000)
 ParOldGen       total 422912K, used 362446K [0x00000000a0000000, 0x00000000b9d00000, 0x00000000e0000000)
  object space 422912K, 85% used [0x00000000a0000000,0x00000000b61f3a08,0x00000000b9d00000)
 Metaspace       used 55198K, capacity 56968K, committed 57088K, reserved 1099776K
  class space    used 7289K, capacity 7658K, committed 7680K, reserved 1048576K
}
Event: 68.052 GC heap before
{Heap before GC invocations=47 (full 7):
 PSYoungGen      total 303104K, used 303089K [0x00000000e0000000, 0x00000000fad00000, 0x0000000100000000)
  eden space 228864K, 100% used [0x00000000e0000000,0x00000000edf80000,0x00000000edf80000)
  from space 74240K, 99% used [0x00000000edf80000,0x00000000f27fc458,0x00000000f2800000)
  to   space 95232K, 0% used [0x00000000f5000000,0x00000000f5000000,0x00000000fad00000)
 ParOldGen       total 422912K, used 362446K [0x00000000a0000000, 0x00000000b9d00000, 0x00000000e0000000)
  object space 422912K, 85% used [0x00000000a0000000,0x00000000b61f3a08,0x00000000b9d00000)
 Metaspace       used 55200K, capacity 56968K, committed 57088K, reserved 1099776K
  class space    used 7289K, capacity 7658K, committed 7680K, reserved 1048576K
Event: 68.251 GC heap after
Heap after GC invocations=47 (full 7):
 PSYoungGen      total 344064K, used 53018K [0x00000000e0000000, 0x00000000fb080000, 0x0000000100000000)
  eden space 248832K, 0% used [0x00000000e0000000,0x00000000e0000000,0x00000000ef300000)
  from space 95232K, 55% used [0x00000000f5000000,0x00000000f83c6ae0,0x00000000fad00000)
  to   space 95232K, 0% used [0x00000000ef300000,0x00000000ef300000,0x00000000f5000000)
 ParOldGen       total 422912K, used 413648K [0x00000000a0000000, 0x00000000b9d00000, 0x00000000e0000000)
  object space 422912K, 97% used [0x00000000a0000000,0x00000000b93f43a0,0x00000000b9d00000)
 Metaspace       used 55200K, capacity 56968K, committed 57088K, reserved 1099776K
  class space    used 7289K, capacity 7658K, committed 7680K, reserved 1048576K
}
Event: 68.251 GC heap before
{Heap before GC invocations=48 (full 8):
 PSYoungGen      total 344064K, used 53018K [0x00000000e0000000, 0x00000000fb080000, 0x0000000100000000)
  eden space 248832K, 0% used [0x00000000e0000000,0x00000000e0000000,0x00000000ef300000)
  from space 95232K, 55% used [0x00000000f5000000,0x00000000f83c6ae0,0x00000000fad00000)
  to   space 95232K, 0% used [0x00000000ef300000,0x00000000ef300000,0x00000000f5000000)
 ParOldGen       total 422912K, used 413648K [0x00000000a0000000, 0x00000000b9d00000, 0x00000000e0000000)
  object space 422912K, 97% used [0x00000000a0000000,0x00000000b93f43a0,0x00000000b9d00000)
 Metaspace       used 55200K, capacity 56968K, committed 57088K, reserved 1099776K
  class space    used 7289K, capacity 7658K, committed 7680K, reserved 1048576K

