# JRE version: OpenJDK Runtime Environment (8.0_112-b06) (build 1.8.0_112-release-b06)
# Java VM: OpenJDK 64-Bit Server VM (25.112-b06 mixed mode linux-amd64 compressed oops)
Heap:
 PSYoungGen      total 350720K, used 0K [0x00000000e0000000, 0x00000000ffd80000, 0x0000000100000000)
  eden space 182272K, 0% used [0x00000000e0000000,0x00000000e0000000,0x00000000eb200000)
  from space 168448K, 0% used [0x00000000f4f80000,0x00000000f4f80000,0x00000000ff400000)
  to   space 161280K, 0% used [0x00000000eb200000,0x00000000eb200000,0x00000000f4f80000)
 ParOldGen       total 497664K, used 456641K [0x00000000a0000000, 0x00000000be600000, 0x00000000e0000000)
  object space 497664K, 91% used [0x00000000a0000000,0x00000000bbdf0690,0x00000000be600000)
 Metaspace       used 69126K, capacity 71402K, committed 71936K, reserved 1112064K
  class space    used 8647K, capacity 9061K, committed 9216K, reserved 1048576K
GC Heap History (10 events):
Event: 3692.613 GC heap after
Heap after GC invocations=107 (full 13):
 PSYoungGen      total 349696K, used 27943K [0x00000000e0000000, 0x0000000100000000, 0x0000000100000000)
  eden space 175104K, 0% used [0x00000000e0000000,0x00000000e0000000,0x00000000eab00000)
  from space 174592K, 16% used [0x00000000f5580000,0x00000000f70c9da0,0x0000000100000000)
  to   space 174592K, 0% used [0x00000000eab00000,0x00000000eab00000,0x00000000f5580000)
 ParOldGen       total 497664K, used 370618K [0x00000000a0000000, 0x00000000be600000, 0x00000000e0000000)
  object space 497664K, 74% used [0x00000000a0000000,0x00000000b69eeaf8,0x00000000be600000)
 Metaspace       used 69123K, capacity 71402K, committed 71936K, reserved 1112064K
  class space    used 8647K, capacity 9061K, committed 9216K, reserved 1048576K
}
Event: 3692.789 GC heap before
{Heap before GC invocations=108 (full 13):
 PSYoungGen      total 349696K, used 203047K [0x00000000e0000000, 0x0000000100000000, 0x0000000100000000)
  eden space 175104K, 100% used [0x00000000e0000000,0x00000000eab00000,0x00000000eab00000)
  from space 174592K, 16% used [0x00000000f5580000,0x00000000f70c9da0,0x0000000100000000)
  to   space 174592K, 0% used [0x00000000eab00000,0x00000000eab00000,0x00000000f5580000)
 ParOldGen       total 497664K, used 370621K [0x00000000a0000000, 0x00000000be600000, 0x00000000e0000000)
  object space 497664K, 74% used [0x00000000a0000000,0x00000000b69ef5e8,0x00000000be600000)
 Metaspace       used 69123K, capacity 71402K, committed 71936K, reserved 1112064K
  class space    used 8647K, capacity 9061K, committed 9216K, reserved 1048576K
Event: 3692.848 GC heap after
Heap after GC invocations=108 (full 13):
 PSYoungGen      total 349696K, used 29983K [0x00000000e0000000, 0x0000000100000000, 0x0000000100000000)
  eden space 175104K, 0% used [0x00000000e0000000,0x00000000e0000000,0x00000000eab00000)
  from space 174592K, 17% used [0x00000000eab00000,0x00000000ec847f18,0x00000000f5580000)
  to   space 174592K, 0% used [0x00000000f5580000,0x00000000f5580000,0x0000000100000000)
 ParOldGen       total 497664K, used 397648K [0x00000000a0000000, 0x00000000be600000, 0x00000000e0000000)
  object space 497664K, 79% used [0x00000000a0000000,0x00000000b8454330,0x00000000be600000)
 Metaspace       used 69123K, capacity 71402K, committed 71936K, reserved 1112064K
  class space    used 8647K, capacity 9061K, committed 9216K, reserved 1048576K
}
Event: 3692.848 GC heap before
{Heap before GC invocations=109 (full 13):
 PSYoungGen      total 349696K, used 31576K [0x00000000e0000000, 0x0000000100000000, 0x0000000100000000)
  eden space 175104K, 0% used [0x00000000e0000000,0x00000000e018e340,0x00000000eab00000)
  from space 174592K, 17% used [0x00000000eab00000,0x00000000ec847f18,0x00000000f5580000)
  to   space 174592K, 0% used [0x00000000f5580000,0x00000000f5580000,0x0000000100000000)
 ParOldGen       total 497664K, used 397648K [0x00000000a0000000, 0x00000000be600000, 0x00000000e0000000)
  object space 497664K, 79% used [0x00000000a0000000,0x00000000b8454330,0x00000000be600000)
 Metaspace       used 69123K, capacity 71402K, committed 71936K, reserved 1112064K
  class space    used 8647K, capacity 9061K, committed 9216K, reserved 1048576K
Event: 3692.878 GC heap after
Heap after GC invocations=109 (full 13):
 PSYoungGen      total 349696K, used 32K [0x00000000e0000000, 0x0000000100000000, 0x0000000100000000)
  eden space 175104K, 0% used [0x00000000e0000000,0x00000000e0000000,0x00000000eab00000)
  from space 174592K, 0% used [0x00000000f5580000,0x00000000f5588000,0x0000000100000000)
  to   space 174592K, 0% used [0x00000000eab00000,0x00000000eab00000,0x00000000f5580000)
 ParOldGen       total 497664K, used 427713K [0x00000000a0000000, 0x00000000be600000, 0x00000000e0000000)
  object space 497664K, 85% used [0x00000000a0000000,0x00000000ba1b04a8,0x00000000be600000)
 Metaspace       used 69123K, capacity 71402K, committed 71936K, reserved 1112064K
  class space    used 8647K, capacity 9061K, committed 9216K, reserved 1048576K
}
Event: 3693.040 GC heap before
{Heap before GC invocations=110 (full 13):
 PSYoungGen      total 349696K, used 175136K [0x00000000e0000000, 0x0000000100000000, 0x0000000100000000)
  eden space 175104K, 100% used [0x00000000e0000000,0x00000000eab00000,0x00000000eab00000)
  from space 174592K, 0% used [0x00000000f5580000,0x00000000f5588000,0x0000000100000000)
  to   space 174592K, 0% used [0x00000000eab00000,0x00000000eab00000,0x00000000f5580000)
 ParOldGen       total 497664K, used 427713K [0x00000000a0000000, 0x00000000be600000, 0x00000000e0000000)
  object space 497664K, 85% used [0x00000000a0000000,0x00000000ba1b04a8,0x00000000be600000)
 Metaspace       used 69123K, capacity 71402K, committed 71936K, reserved 1112064K
  class space    used 8647K, capacity 9061K, committed 9216K, reserved 1048576K
Event: 3693.069 GC heap after
Heap after GC invocations=110 (full 13):
 PSYoungGen      total 199680K, used 24444K [0x00000000e0000000, 0x00000000ff400000, 0x0000000100000000)
  eden space 175104K, 0% used [0x00000000e0000000,0x00000000e0000000,0x00000000eab00000)
  from space 24576K, 99% used [0x00000000eab00000,0x00000000ec2df008,0x00000000ec300000)
  to   space 168448K, 0% used [0x00000000f4f80000,0x00000000f4f80000,0x00000000ff400000)
 ParOldGen       total 497664K, used 427721K [0x00000000a0000000, 0x00000000be600000, 0x00000000e0000000)
  object space 497664K, 85% used [0x00000000a0000000,0x00000000ba1b24a8,0x00000000be600000)
 Metaspace       used 69123K, capacity 71402K, committed 71936K, reserved 1112064K
  class space    used 8647K, capacity 9061K, committed 9216K, reserved 1048576K
}
Event: 3693.726 GC heap before
{Heap before GC invocations=111 (full 13):
 PSYoungGen      total 199680K, used 199548K [0x00000000e0000000, 0x00000000ff400000, 0x0000000100000000)
  eden space 175104K, 100% used [0x00000000e0000000,0x00000000eab00000,0x00000000eab00000)
  from space 24576K, 99% used [0x00000000eab00000,0x00000000ec2df008,0x00000000ec300000)
  to   space 168448K, 0% used [0x00000000f4f80000,0x00000000f4f80000,0x00000000ff400000)
 ParOldGen       total 497664K, used 427721K [0x00000000a0000000, 0x00000000be600000, 0x00000000e0000000)
  object space 497664K, 85% used [0x00000000a0000000,0x00000000ba1b24a8,0x00000000be600000)
 Metaspace       used 69126K, capacity 71402K, committed 71936K, reserved 1112064K
  class space    used 8647K, capacity 9061K, committed 9216K, reserved 1048576K
Event: 3693.798 GC heap after
Heap after GC invocations=111 (full 13):
 PSYoungGen      total 350720K, used 26898K [0x00000000e0000000, 0x00000000ffd80000, 0x0000000100000000)
  eden space 182272K, 0% used [0x00000000e0000000,0x00000000e0000000,0x00000000eb200000)
  from space 168448K, 15% used [0x00000000f4f80000,0x00000000f69c4930,0x00000000ff400000)
  to   space 161280K, 0% used [0x00000000eb200000,0x00000000eb200000,0x00000000f4f80000)
 ParOldGen       total 497664K, used 450538K [0x00000000a0000000, 0x00000000be600000, 0x00000000e0000000)
  object space 497664K, 90% used [0x00000000a0000000,0x00000000bb7fa858,0x00000000be600000)
 Metaspace       used 69126K, capacity 71402K, committed 71936K, reserved 1112064K
  class space    used 8647K, capacity 9061K, committed 9216K, reserved 1048576K
}
Event: 3693.798 GC heap before
{Heap before GC invocations=112 (full 14):
 PSYoungGen      total 350720K, used 26898K [0x00000000e0000000, 0x00000000ffd80000, 0x0000000100000000)
  eden space 182272K, 0% used [0x00000000e0000000,0x00000000e0000000,0x00000000eb200000)
  from space 168448K, 15% used [0x00000000f4f80000,0x00000000f69c4930,0x00000000ff400000)
  to   space 161280K, 0% used [0x00000000eb200000,0x00000000eb200000,0x00000000f4f80000)
 ParOldGen       total 497664K, used 450538K [0x00000000a0000000, 0x00000000be600000, 0x00000000e0000000)
  object space 497664K, 90% used [0x00000000a0000000,0x00000000bb7fa858,0x00000000be600000)
 Metaspace       used 69126K, capacity 71402K, committed 71936K, reserved 1112064K
  class space    used 8647K, capacity 9061K, committed 9216K, reserved 1048576K

