# JRE version: OpenJDK Runtime Environment (8.0_112-b06) (build 1.8.0_112-release-b06)
# Java VM: OpenJDK 64-Bit Server VM (25.112-b06 mixed mode linux-amd64 compressed oops)
Heap:
 PSYoungGen      total 349696K, used 0K [0x00000000e0000000, 0x0000000100000000, 0x0000000100000000)
  eden space 175104K, 0% used [0x00000000e0000000,0x00000000e0000000,0x00000000eab00000)
  from space 174592K, 0% used [0x00000000f5580000,0x00000000f5580000,0x0000000100000000)
  to   space 174592K, 0% used [0x00000000eab00000,0x00000000eab00000,0x00000000f5580000)
 ParOldGen       total 459776K, used 423318K [0x00000000a0000000, 0x00000000bc100000, 0x00000000e0000000)
  object space 459776K, 92% used [0x00000000a0000000,0x00000000b9d65860,0x00000000bc100000)
 Metaspace       used 71429K, capacity 74004K, committed 74240K, reserved 1114112K
  class space    used 8912K, capacity 9411K, committed 9472K, reserved 1048576K
GC Heap History (10 events):
Event: 2455.905 GC heap after
Heap after GC invocations=76 (full 10):
 PSYoungGen      total 349696K, used 76930K [0x00000000e0000000, 0x0000000100000000, 0x0000000100000000)
  eden space 175104K, 0% used [0x00000000e0000000,0x00000000e0000000,0x00000000eab00000)
  from space 174592K, 44% used [0x00000000f5580000,0x00000000fa0a0ae0,0x0000000100000000)
  to   space 174592K, 0% used [0x00000000eab00000,0x00000000eab00000,0x00000000f5580000)
 ParOldGen       total 459776K, used 249125K [0x00000000a0000000, 0x00000000bc100000, 0x00000000e0000000)
  object space 459776K, 54% used [0x00000000a0000000,0x00000000af349570,0x00000000bc100000)
 Metaspace       used 71429K, capacity 74004K, committed 74240K, reserved 1114112K
  class space    used 8912K, capacity 9411K, committed 9472K, reserved 1048576K
}
Event: 2456.238 GC heap before
{Heap before GC invocations=77 (full 10):
 PSYoungGen      total 349696K, used 252034K [0x00000000e0000000, 0x0000000100000000, 0x0000000100000000)
  eden space 175104K, 100% used [0x00000000e0000000,0x00000000eab00000,0x00000000eab00000)
  from space 174592K, 44% used [0x00000000f5580000,0x00000000fa0a0ae0,0x0000000100000000)
  to   space 174592K, 0% used [0x00000000eab00000,0x00000000eab00000,0x00000000f5580000)
 ParOldGen       total 459776K, used 249125K [0x00000000a0000000, 0x00000000bc100000, 0x00000000e0000000)
  object space 459776K, 54% used [0x00000000a0000000,0x00000000af349570,0x00000000bc100000)
 Metaspace       used 71429K, capacity 74004K, committed 74240K, reserved 1114112K
  class space    used 8912K, capacity 9411K, committed 9472K, reserved 1048576K
Event: 2456.336 GC heap after
Heap after GC invocations=77 (full 10):
 PSYoungGen      total 349696K, used 57619K [0x00000000e0000000, 0x0000000100000000, 0x0000000100000000)
  eden space 175104K, 0% used [0x00000000e0000000,0x00000000e0000000,0x00000000eab00000)
  from space 174592K, 33% used [0x00000000eab00000,0x00000000ee344fa0,0x00000000f5580000)
  to   space 174592K, 0% used [0x00000000f5580000,0x00000000f5580000,0x0000000100000000)
 ParOldGen       total 459776K, used 298492K [0x00000000a0000000, 0x00000000bc100000, 0x00000000e0000000)
  object space 459776K, 64% used [0x00000000a0000000,0x00000000b237f1a0,0x00000000bc100000)
 Metaspace       used 71429K, capacity 74004K, committed 74240K, reserved 1114112K
  class space    used 8912K, capacity 9411K, committed 9472K, reserved 1048576K
}
Event: 2456.532 GC heap before
{Heap before GC invocations=78 (full 10):
 PSYoungGen      total 349696K, used 232723K [0x00000000e0000000, 0x0000000100000000, 0x0000000100000000)
  eden space 175104K, 100% used [0x00000000e0000000,0x00000000eab00000,0x00000000eab00000)
  from space 174592K, 33% used [0x00000000eab00000,0x00000000ee344fa0,0x00000000f5580000)
  to   space 174592K, 0% used [0x00000000f5580000,0x00000000f5580000,0x0000000100000000)
 ParOldGen       total 459776K, used 298492K [0x00000000a0000000, 0x00000000bc100000, 0x00000000e0000000)
  object space 459776K, 64% used [0x00000000a0000000,0x00000000b237f1a0,0x00000000bc100000)
 Metaspace       used 71429K, capacity 74004K, committed 74240K, reserved 1114112K
  class space    used 8912K, capacity 9411K, committed 9472K, reserved 1048576K
Event: 2456.609 GC heap after
Heap after GC invocations=78 (full 10):
 PSYoungGen      total 349696K, used 24478K [0x00000000e0000000, 0x0000000100000000, 0x0000000100000000)
  eden space 175104K, 0% used [0x00000000e0000000,0x00000000e0000000,0x00000000eab00000)
  from space 174592K, 14% used [0x00000000f5580000,0x00000000f6d67928,0x0000000100000000)
  to   space 174592K, 0% used [0x00000000eab00000,0x00000000eab00000,0x00000000f5580000)
 ParOldGen       total 459776K, used 349744K [0x00000000a0000000, 0x00000000bc100000, 0x00000000e0000000)
  object space 459776K, 76% used [0x00000000a0000000,0x00000000b558c098,0x00000000bc100000)
 Metaspace       used 71429K, capacity 74004K, committed 74240K, reserved 1114112K
  class space    used 8912K, capacity 9411K, committed 9472K, reserved 1048576K
}
Event: 2456.924 GC heap before
{Heap before GC invocations=79 (full 10):
 PSYoungGen      total 349696K, used 199582K [0x00000000e0000000, 0x0000000100000000, 0x0000000100000000)
  eden space 175104K, 100% used [0x00000000e0000000,0x00000000eab00000,0x00000000eab00000)
  from space 174592K, 14% used [0x00000000f5580000,0x00000000f6d67928,0x0000000100000000)
  to   space 174592K, 0% used [0x00000000eab00000,0x00000000eab00000,0x00000000f5580000)
 ParOldGen       total 459776K, used 349744K [0x00000000a0000000, 0x00000000bc100000, 0x00000000e0000000)
  object space 459776K, 76% used [0x00000000a0000000,0x00000000b558c098,0x00000000bc100000)
 Metaspace       used 71429K, capacity 74004K, committed 74240K, reserved 1114112K
  class space    used 8912K, capacity 9411K, committed 9472K, reserved 1048576K
Event: 2456.982 GC heap after
Heap after GC invocations=79 (full 10):
 PSYoungGen      total 349696K, used 28105K [0x00000000e0000000, 0x0000000100000000, 0x0000000100000000)
  eden space 175104K, 0% used [0x00000000e0000000,0x00000000e0000000,0x00000000eab00000)
  from space 174592K, 16% used [0x00000000eab00000,0x00000000ec672658,0x00000000f5580000)
  to   space 174592K, 0% used [0x00000000f5580000,0x00000000f5580000,0x0000000100000000)
 ParOldGen       total 459776K, used 372040K [0x00000000a0000000, 0x00000000bc100000, 0x00000000e0000000)
  object space 459776K, 80% used [0x00000000a0000000,0x00000000b6b520f8,0x00000000bc100000)
 Metaspace       used 71429K, capacity 74004K, committed 74240K, reserved 1114112K
  class space    used 8912K, capacity 9411K, committed 9472K, reserved 1048576K
}
Event: 2457.166 GC heap before
{Heap before GC invocations=80 (full 10):
 PSYoungGen      total 349696K, used 203209K [0x00000000e0000000, 0x0000000100000000, 0x0000000100000000)
  eden space 175104K, 100% used [0x00000000e0000000,0x00000000eab00000,0x00000000eab00000)
  from space 174592K, 16% used [0x00000000eab00000,0x00000000ec672658,0x00000000f5580000)
  to   space 174592K, 0% used [0x00000000f5580000,0x00000000f5580000,0x0000000100000000)
 ParOldGen       total 459776K, used 372040K [0x00000000a0000000, 0x00000000bc100000, 0x00000000e0000000)
  object space 459776K, 80% used [0x00000000a0000000,0x00000000b6b520f8,0x00000000bc100000)
 Metaspace       used 71429K, capacity 74004K, committed 74240K, reserved 1114112K
  class space    used 8912K, capacity 9411K, committed 9472K, reserved 1048576K
Event: 2457.222 GC heap after
Heap after GC invocations=80 (full 10):
 PSYoungGen      total 349696K, used 27968K [0x00000000e0000000, 0x0000000100000000, 0x0000000100000000)
  eden space 175104K, 0% used [0x00000000e0000000,0x00000000e0000000,0x00000000eab00000)
  from space 174592K, 16% used [0x00000000f5580000,0x00000000f70d0000,0x0000000100000000)
  to   space 174592K, 0% used [0x00000000eab00000,0x00000000eab00000,0x00000000f5580000)
 ParOldGen       total 459776K, used 399263K [0x00000000a0000000, 0x00000000bc100000, 0x00000000e0000000)
  object space 459776K, 86% used [0x00000000a0000000,0x00000000b85e7fc0,0x00000000bc100000)
 Metaspace       used 71429K, capacity 74004K, committed 74240K, reserved 1114112K
  class space    used 8912K, capacity 9411K, committed 9472K, reserved 1048576K
}
Event: 2457.222 GC heap before
{Heap before GC invocations=81 (full 11):
 PSYoungGen      total 349696K, used 27968K [0x00000000e0000000, 0x0000000100000000, 0x0000000100000000)
  eden space 175104K, 0% used [0x00000000e0000000,0x00000000e0000000,0x00000000eab00000)
  from space 174592K, 16% used [0x00000000f5580000,0x00000000f70d0000,0x0000000100000000)
  to   space 174592K, 0% used [0x00000000eab00000,0x00000000eab00000,0x00000000f5580000)
 ParOldGen       total 459776K, used 399263K [0x00000000a0000000, 0x00000000bc100000, 0x00000000e0000000)
  object space 459776K, 86% used [0x00000000a0000000,0x00000000b85e7fc0,0x00000000bc100000)
 Metaspace       used 71429K, capacity 74004K, committed 74240K, reserved 1114112K
  class space    used 8912K, capacity 9411K, committed 9472K, reserved 1048576K

