# JRE version: OpenJDK Runtime Environment (8.0_112-b06) (build 1.8.0_112-release-b06)
# Java VM: OpenJDK 64-Bit Server VM (25.112-b06 mixed mode linux-amd64 compressed oops)
Heap:
 PSYoungGen      total 391168K, used 31880K [0x00000000e0000000, 0x00000000fdf00000, 0x0000000100000000)
  eden space 303616K, 0% used [0x00000000e0000000,0x00000000e0000000,0x00000000f2880000)
  from space 87552K, 36% used [0x00000000f8080000,0x00000000f9fa23b8,0x00000000fd600000)
  to   space 90112K, 0% used [0x00000000f2880000,0x00000000f2880000,0x00000000f8080000)
 ParOldGen       total 310784K, used 310585K [0x00000000a0000000, 0x00000000b2f80000, 0x00000000e0000000)
  object space 310784K, 99% used [0x00000000a0000000,0x00000000b2f4e458,0x00000000b2f80000)
 Metaspace       used 55862K, capacity 57674K, committed 57984K, reserved 1099776K
  class space    used 7382K, capacity 7752K, committed 7808K, reserved 1048576K
GC Heap History (10 events):
Event: 31.296 GC heap after
Heap after GC invocations=30 (full 5):
 PSYoungGen      total 306176K, used 38513K [0x00000000e0000000, 0x00000000f8500000, 0x0000000100000000)
  eden space 253440K, 0% used [0x00000000e0000000,0x00000000e0000000,0x00000000ef780000)
  from space 52736K, 73% used [0x00000000ef780000,0x00000000f1d1c578,0x00000000f2b00000)
  to   space 56320K, 0% used [0x00000000f4e00000,0x00000000f4e00000,0x00000000f8500000)
 ParOldGen       total 209408K, used 195748K [0x00000000a0000000, 0x00000000acc80000, 0x00000000e0000000)
  object space 209408K, 93% used [0x00000000a0000000,0x00000000abf29358,0x00000000acc80000)
 Metaspace       used 55846K, capacity 57674K, committed 57984K, reserved 1099776K
  class space    used 7380K, capacity 7752K, committed 7808K, reserved 1048576K
}
Event: 31.296 GC heap before
{Heap before GC invocations=31 (full 6):
 PSYoungGen      total 306176K, used 38513K [0x00000000e0000000, 0x00000000f8500000, 0x0000000100000000)
  eden space 253440K, 0% used [0x00000000e0000000,0x00000000e0000000,0x00000000ef780000)
  from space 52736K, 73% used [0x00000000ef780000,0x00000000f1d1c578,0x00000000f2b00000)
  to   space 56320K, 0% used [0x00000000f4e00000,0x00000000f4e00000,0x00000000f8500000)
 ParOldGen       total 209408K, used 195748K [0x00000000a0000000, 0x00000000acc80000, 0x00000000e0000000)
  object space 209408K, 93% used [0x00000000a0000000,0x00000000abf29358,0x00000000acc80000)
 Metaspace       used 55846K, capacity 57674K, committed 57984K, reserved 1099776K
  class space    used 7380K, capacity 7752K, committed 7808K, reserved 1048576K
Event: 32.687 GC heap after
Heap after GC invocations=31 (full 6):
 PSYoungGen      total 306176K, used 22756K [0x00000000e0000000, 0x00000000f8500000, 0x0000000100000000)
  eden space 253440K, 0% used [0x00000000e0000000,0x00000000e0000000,0x00000000ef780000)
  from space 52736K, 43% used [0x00000000ef780000,0x00000000f0db9170,0x00000000f2b00000)
  to   space 56320K, 0% used [0x00000000f4e00000,0x00000000f4e00000,0x00000000f8500000)
 ParOldGen       total 310784K, used 209240K [0x00000000a0000000, 0x00000000b2f80000, 0x00000000e0000000)
  object space 310784K, 67% used [0x00000000a0000000,0x00000000acc56278,0x00000000b2f80000)
 Metaspace       used 55846K, capacity 57674K, committed 57984K, reserved 1099776K
  class space    used 7380K, capacity 7752K, committed 7808K, reserved 1048576K
}
Event: 33.390 GC heap before
{Heap before GC invocations=32 (full 6):
 PSYoungGen      total 306176K, used 276196K [0x00000000e0000000, 0x00000000f8500000, 0x0000000100000000)
  eden space 253440K, 100% used [0x00000000e0000000,0x00000000ef780000,0x00000000ef780000)
  from space 52736K, 43% used [0x00000000ef780000,0x00000000f0db9170,0x00000000f2b00000)
  to   space 56320K, 0% used [0x00000000f4e00000,0x00000000f4e00000,0x00000000f8500000)
 ParOldGen       total 310784K, used 209240K [0x00000000a0000000, 0x00000000b2f80000, 0x00000000e0000000)
  object space 310784K, 67% used [0x00000000a0000000,0x00000000acc56278,0x00000000b2f80000)
 Metaspace       used 55857K, capacity 57674K, committed 57984K, reserved 1099776K
  class space    used 7382K, capacity 7752K, committed 7808K, reserved 1048576K
Event: 33.516 GC heap after
Heap after GC invocations=32 (full 6):
 PSYoungGen      total 332288K, used 56311K [0x00000000e0000000, 0x00000000f8d80000, 0x0000000100000000)
  eden space 275968K, 0% used [0x00000000e0000000,0x00000000e0000000,0x00000000f0d80000)
  from space 56320K, 99% used [0x00000000f4e00000,0x00000000f84fdca0,0x00000000f8500000)
  to   space 65536K, 0% used [0x00000000f0d80000,0x00000000f0d80000,0x00000000f4d80000)
 ParOldGen       total 310784K, used 209240K [0x00000000a0000000, 0x00000000b2f80000, 0x00000000e0000000)
  object space 310784K, 67% used [0x00000000a0000000,0x00000000acc56278,0x00000000b2f80000)
 Metaspace       used 55857K, capacity 57674K, committed 57984K, reserved 1099776K
  class space    used 7382K, capacity 7752K, committed 7808K, reserved 1048576K
}
Event: 34.195 GC heap before
{Heap before GC invocations=33 (full 6):
 PSYoungGen      total 332288K, used 332279K [0x00000000e0000000, 0x00000000f8d80000, 0x0000000100000000)
  eden space 275968K, 100% used [0x00000000e0000000,0x00000000f0d80000,0x00000000f0d80000)
  from space 56320K, 99% used [0x00000000f4e00000,0x00000000f84fdca0,0x00000000f8500000)
  to   space 65536K, 0% used [0x00000000f0d80000,0x00000000f0d80000,0x00000000f4d80000)
 ParOldGen       total 310784K, used 209240K [0x00000000a0000000, 0x00000000b2f80000, 0x00000000e0000000)
  object space 310784K, 67% used [0x00000000a0000000,0x00000000acc56278,0x00000000b2f80000)
 Metaspace       used 55861K, capacity 57674K, committed 57984K, reserved 1099776K
  class space    used 7382K, capacity 7752K, committed 7808K, reserved 1048576K
Event: 34.339 GC heap after
Heap after GC invocations=33 (full 6):
 PSYoungGen      total 341504K, used 65523K [0x00000000e0000000, 0x00000000fd600000, 0x0000000100000000)
  eden space 275968K, 0% used [0x00000000e0000000,0x00000000e0000000,0x00000000f0d80000)
  from space 65536K, 99% used [0x00000000f0d80000,0x00000000f4d7cf10,0x00000000f4d80000)
  to   space 87552K, 0% used [0x00000000f8080000,0x00000000f8080000,0x00000000fd600000)
 ParOldGen       total 310784K, used 238938K [0x00000000a0000000, 0x00000000b2f80000, 0x00000000e0000000)
  object space 310784K, 76% used [0x00000000a0000000,0x00000000ae956970,0x00000000b2f80000)
 Metaspace       used 55861K, capacity 57674K, committed 57984K, reserved 1099776K
  class space    used 7382K, capacity 7752K, committed 7808K, reserved 1048576K
}
Event: 34.961 GC heap before
{Heap before GC invocations=34 (full 6):
 PSYoungGen      total 341504K, used 341491K [0x00000000e0000000, 0x00000000fd600000, 0x0000000100000000)
  eden space 275968K, 100% used [0x00000000e0000000,0x00000000f0d80000,0x00000000f0d80000)
  from space 65536K, 99% used [0x00000000f0d80000,0x00000000f4d7cf10,0x00000000f4d80000)
  to   space 87552K, 0% used [0x00000000f8080000,0x00000000f8080000,0x00000000fd600000)
 ParOldGen       total 310784K, used 238938K [0x00000000a0000000, 0x00000000b2f80000, 0x00000000e0000000)
  object space 310784K, 76% used [0x00000000a0000000,0x00000000ae956970,0x00000000b2f80000)
 Metaspace       used 55862K, capacity 57674K, committed 57984K, reserved 1099776K
  class space    used 7382K, capacity 7752K, committed 7808K, reserved 1048576K
Event: 35.106 GC heap after
Heap after GC invocations=34 (full 6):
 PSYoungGen      total 391168K, used 54139K [0x00000000e0000000, 0x00000000fdf00000, 0x0000000100000000)
  eden space 303616K, 0% used [0x00000000e0000000,0x00000000e0000000,0x00000000f2880000)
  from space 87552K, 61% used [0x00000000f8080000,0x00000000fb55ef98,0x00000000fd600000)
  to   space 90112K, 0% used [0x00000000f2880000,0x00000000f2880000,0x00000000f8080000)
 ParOldGen       total 310784K, used 291176K [0x00000000a0000000, 0x00000000b2f80000, 0x00000000e0000000)
  object space 310784K, 93% used [0x00000000a0000000,0x00000000b1c5a3f0,0x00000000b2f80000)
 Metaspace       used 55862K, capacity 57674K, committed 57984K, reserved 1099776K
  class space    used 7382K, capacity 7752K, committed 7808K, reserved 1048576K
}
Event: 35.106 GC heap before
{Heap before GC invocations=35 (full 7):
 PSYoungGen      total 391168K, used 54139K [0x00000000e0000000, 0x00000000fdf00000, 0x0000000100000000)
  eden space 303616K, 0% used [0x00000000e0000000,0x00000000e0000000,0x00000000f2880000)
  from space 87552K, 61% used [0x00000000f8080000,0x00000000fb55ef98,0x00000000fd600000)
  to   space 90112K, 0% used [0x00000000f2880000,0x00000000f2880000,0x00000000f8080000)
 ParOldGen       total 310784K, used 291176K [0x00000000a0000000, 0x00000000b2f80000, 0x00000000e0000000)
  object space 310784K, 93% used [0x00000000a0000000,0x00000000b1c5a3f0,0x00000000b2f80000)
 Metaspace       used 55862K, capacity 57674K, committed 57984K, reserved 1099776K
  class space    used 7382K, capacity 7752K, committed 7808K, reserved 1048576K

