# JRE version: OpenJDK Runtime Environment (8.0_112-b06) (build 1.8.0_112-release-b06)
# Java VM: OpenJDK 64-Bit Server VM (25.112-b06 mixed mode linux-amd64 compressed oops)
Heap:
 PSYoungGen      total 386048K, used 26847K [0x00000000e0000000, 0x00000000fd900000, 0x0000000100000000)
  eden space 294912K, 0% used [0x00000000e0000000,0x00000000e0000000,0x00000000f2000000)
  from space 91136K, 29% used [0x00000000f7a00000,0x00000000f9437c48,0x00000000fd300000)
  to   space 92160K, 0% used [0x00000000f2000000,0x00000000f2000000,0x00000000f7a00000)
 ParOldGen       total 317440K, used 317342K [0x00000000a0000000, 0x00000000b3600000, 0x00000000e0000000)
  object space 317440K, 99% used [0x00000000a0000000,0x00000000b35e7898,0x00000000b3600000)
 Metaspace       used 55153K, capacity 56912K, committed 57088K, reserved 1099776K
  class space    used 7282K, capacity 7658K, committed 7680K, reserved 1048576K
GC Heap History (10 events):
Event: 30.369 GC heap after
Heap after GC invocations=30 (full 5):
 PSYoungGen      total 303616K, used 36768K [0x00000000e0000000, 0x00000000f8380000, 0x0000000100000000)
  eden space 246272K, 0% used [0x00000000e0000000,0x00000000e0000000,0x00000000ef080000)
  from space 57344K, 64% used [0x00000000ef080000,0x00000000f1468078,0x00000000f2880000)
  to   space 59392K, 0% used [0x00000000f4980000,0x00000000f4980000,0x00000000f8380000)
 ParOldGen       total 212992K, used 205024K [0x00000000a0000000, 0x00000000ad000000, 0x00000000e0000000)
  object space 212992K, 96% used [0x00000000a0000000,0x00000000ac8382a8,0x00000000ad000000)
 Metaspace       used 55136K, capacity 56912K, committed 57088K, reserved 1099776K
  class space    used 7281K, capacity 7658K, committed 7680K, reserved 1048576K
}
Event: 30.369 GC heap before
{Heap before GC invocations=31 (full 6):
 PSYoungGen      total 303616K, used 36768K [0x00000000e0000000, 0x00000000f8380000, 0x0000000100000000)
  eden space 246272K, 0% used [0x00000000e0000000,0x00000000e0000000,0x00000000ef080000)
  from space 57344K, 64% used [0x00000000ef080000,0x00000000f1468078,0x00000000f2880000)
  to   space 59392K, 0% used [0x00000000f4980000,0x00000000f4980000,0x00000000f8380000)
 ParOldGen       total 212992K, used 205024K [0x00000000a0000000, 0x00000000ad000000, 0x00000000e0000000)
  object space 212992K, 96% used [0x00000000a0000000,0x00000000ac8382a8,0x00000000ad000000)
 Metaspace       used 55136K, capacity 56912K, committed 57088K, reserved 1099776K
  class space    used 7281K, capacity 7658K, committed 7680K, reserved 1048576K
Event: 31.654 GC heap after
Heap after GC invocations=31 (full 6):
 PSYoungGen      total 303616K, used 25975K [0x00000000e0000000, 0x00000000f8380000, 0x0000000100000000)
  eden space 246272K, 0% used [0x00000000e0000000,0x00000000e0000000,0x00000000ef080000)
  from space 57344K, 45% used [0x00000000ef080000,0x00000000f09ddea0,0x00000000f2880000)
  to   space 59392K, 0% used [0x00000000f4980000,0x00000000f4980000,0x00000000f8380000)
 ParOldGen       total 317440K, used 212845K [0x00000000a0000000, 0x00000000b3600000, 0x00000000e0000000)
  object space 317440K, 67% used [0x00000000a0000000,0x00000000acfdb6d0,0x00000000b3600000)
 Metaspace       used 55136K, capacity 56912K, committed 57088K, reserved 1099776K
  class space    used 7281K, capacity 7658K, committed 7680K, reserved 1048576K
}
Event: 32.440 GC heap before
{Heap before GC invocations=32 (full 6):
 PSYoungGen      total 303616K, used 272247K [0x00000000e0000000, 0x00000000f8380000, 0x0000000100000000)
  eden space 246272K, 100% used [0x00000000e0000000,0x00000000ef080000,0x00000000ef080000)
  from space 57344K, 45% used [0x00000000ef080000,0x00000000f09ddea0,0x00000000f2880000)
  to   space 59392K, 0% used [0x00000000f4980000,0x00000000f4980000,0x00000000f8380000)
 ParOldGen       total 317440K, used 212845K [0x00000000a0000000, 0x00000000b3600000, 0x00000000e0000000)
  object space 317440K, 67% used [0x00000000a0000000,0x00000000acfdb6d0,0x00000000b3600000)
 Metaspace       used 55147K, capacity 56912K, committed 57088K, reserved 1099776K
  class space    used 7282K, capacity 7658K, committed 7680K, reserved 1048576K
Event: 32.571 GC heap after
Heap after GC invocations=32 (full 6):
 PSYoungGen      total 327680K, used 58539K [0x00000000e0000000, 0x00000000f8e00000, 0x0000000100000000)
  eden space 268288K, 0% used [0x00000000e0000000,0x00000000e0000000,0x00000000f0600000)
  from space 59392K, 98% used [0x00000000f4980000,0x00000000f82aad60,0x00000000f8380000)
  to   space 69120K, 0% used [0x00000000f0600000,0x00000000f0600000,0x00000000f4980000)
 ParOldGen       total 317440K, used 212845K [0x00000000a0000000, 0x00000000b3600000, 0x00000000e0000000)
  object space 317440K, 67% used [0x00000000a0000000,0x00000000acfdb6d0,0x00000000b3600000)
 Metaspace       used 55147K, capacity 56912K, committed 57088K, reserved 1099776K
  class space    used 7282K, capacity 7658K, committed 7680K, reserved 1048576K
}
Event: 33.478 GC heap before
{Heap before GC invocations=33 (full 6):
 PSYoungGen      total 327680K, used 326827K [0x00000000e0000000, 0x00000000f8e00000, 0x0000000100000000)
  eden space 268288K, 100% used [0x00000000e0000000,0x00000000f0600000,0x00000000f0600000)
  from space 59392K, 98% used [0x00000000f4980000,0x00000000f82aad60,0x00000000f8380000)
  to   space 69120K, 0% used [0x00000000f0600000,0x00000000f0600000,0x00000000f4980000)
 ParOldGen       total 317440K, used 212845K [0x00000000a0000000, 0x00000000b3600000, 0x00000000e0000000)
  object space 317440K, 67% used [0x00000000a0000000,0x00000000acfdb6d0,0x00000000b3600000)
 Metaspace       used 55151K, capacity 56912K, committed 57088K, reserved 1099776K
  class space    used 7282K, capacity 7658K, committed 7680K, reserved 1048576K
Event: 33.602 GC heap after
Heap after GC invocations=33 (full 6):
 PSYoungGen      total 337408K, used 69088K [0x00000000e0000000, 0x00000000fd300000, 0x0000000100000000)
  eden space 268288K, 0% used [0x00000000e0000000,0x00000000e0000000,0x00000000f0600000)
  from space 69120K, 99% used [0x00000000f0600000,0x00000000f4978240,0x00000000f4980000)
  to   space 91136K, 0% used [0x00000000f7a00000,0x00000000f7a00000,0x00000000fd300000)
 ParOldGen       total 317440K, used 241394K [0x00000000a0000000, 0x00000000b3600000, 0x00000000e0000000)
  object space 317440K, 76% used [0x00000000a0000000,0x00000000aebbcaa0,0x00000000b3600000)
 Metaspace       used 55151K, capacity 56912K, committed 57088K, reserved 1099776K
  class space    used 7282K, capacity 7658K, committed 7680K, reserved 1048576K
}
Event: 34.383 GC heap before
{Heap before GC invocations=34 (full 6):
 PSYoungGen      total 337408K, used 337376K [0x00000000e0000000, 0x00000000fd300000, 0x0000000100000000)
  eden space 268288K, 100% used [0x00000000e0000000,0x00000000f0600000,0x00000000f0600000)
  from space 69120K, 99% used [0x00000000f0600000,0x00000000f4978240,0x00000000f4980000)
  to   space 91136K, 0% used [0x00000000f7a00000,0x00000000f7a00000,0x00000000fd300000)
 ParOldGen       total 317440K, used 241394K [0x00000000a0000000, 0x00000000b3600000, 0x00000000e0000000)
  object space 317440K, 76% used [0x00000000a0000000,0x00000000aebbcaa0,0x00000000b3600000)
 Metaspace       used 55153K, capacity 56912K, committed 57088K, reserved 1099776K
  class space    used 7282K, capacity 7658K, committed 7680K, reserved 1048576K
Event: 34.542 GC heap after
Heap after GC invocations=34 (full 6):
 PSYoungGen      total 386048K, used 52697K [0x00000000e0000000, 0x00000000fd900000, 0x0000000100000000)
  eden space 294912K, 0% used [0x00000000e0000000,0x00000000e0000000,0x00000000f2000000)
  from space 91136K, 57% used [0x00000000f7a00000,0x00000000fad76768,0x00000000fd300000)
  to   space 92160K, 0% used [0x00000000f2000000,0x00000000f2000000,0x00000000f7a00000)
 ParOldGen       total 317440K, used 296337K [0x00000000a0000000, 0x00000000b3600000, 0x00000000e0000000)
  object space 317440K, 93% used [0x00000000a0000000,0x00000000b21644c0,0x00000000b3600000)
 Metaspace       used 55153K, capacity 56912K, committed 57088K, reserved 1099776K
  class space    used 7282K, capacity 7658K, committed 7680K, reserved 1048576K
}
Event: 34.542 GC heap before
{Heap before GC invocations=35 (full 7):
 PSYoungGen      total 386048K, used 52697K [0x00000000e0000000, 0x00000000fd900000, 0x0000000100000000)
  eden space 294912K, 0% used [0x00000000e0000000,0x00000000e0000000,0x00000000f2000000)
  from space 91136K, 57% used [0x00000000f7a00000,0x00000000fad76768,0x00000000fd300000)
  to   space 92160K, 0% used [0x00000000f2000000,0x00000000f2000000,0x00000000f7a00000)
 ParOldGen       total 317440K, used 296337K [0x00000000a0000000, 0x00000000b3600000, 0x00000000e0000000)
  object space 317440K, 93% used [0x00000000a0000000,0x00000000b21644c0,0x00000000b3600000)
 Metaspace       used 55153K, capacity 56912K, committed 57088K, reserved 1099776K
  class space    used 7282K, capacity 7658K, committed 7680K, reserved 1048576K

